==5203== Memcheck, a memory error detector
==5203== Copyright (C) 2002-2017, and GNU GPL'd, by Julian Seward et al.
==5203== Using Valgrind-3.16.1-36d6727e1d-20200622X and LibVEX; rerun with -h for copyright info
==5203== Command: bin_client/CuckyVoxel_debug
==5203== Parent PID: 3232
==5203== 
--5203-- 
--5203-- Valgrind options:
--5203--    --leak-check=full
--5203--    --verbose
--5203--    --log-file=valgrind.log
--5203-- Contents of /proc/version:
--5203--   Linux version 5.4.0-52-generic (buildd@lcy01-amd64-022) (gcc version 7.5.0 (Ubuntu 7.5.0-3ubuntu1~18.04)) #57~18.04.1-Ubuntu SMP Thu Oct 15 14:04:49 UTC 2020
--5203-- 
--5203-- Arch and hwcaps: AMD64, LittleEndian, amd64-cx16-rdtscp-sse3-ssse3
--5203-- Page sizes: currently 4096, max supported 4096
--5203-- Valgrind library directory: /snap/valgrind/72/usr/lib/valgrind
--5203-- Reading syms from /home/cuckydev/CuckyVoxel/bin_client/CuckyVoxel_debug
--5203-- Reading syms from /lib/x86_64-linux-gnu/ld-2.27.so
--5203--   Considering /lib/x86_64-linux-gnu/ld-2.27.so ..
--5203--   .. CRC mismatch (computed ac9397f6 wanted d0d82632)
--5203--   Considering /usr/lib/debug/lib/x86_64-linux-gnu/ld-2.27.so ..
--5203--   .. CRC is valid
--5203-- Reading syms from /snap/valgrind/72/usr/lib/valgrind/memcheck-amd64-linux
--5203--    object doesn't have a dynamic symbol table
--5203-- Warning: inlined fn name without absori
--5203-- is shown as UnknownInlinedFun
--5203-- Scheduler: using generic scheduler lock implementation.
--5203-- Reading suppressions file: /snap/valgrind/72/usr/lib/valgrind/default.supp
==5203== embedded gdbserver: reading from /tmp/vgdb-pipe-from-vgdb-to-5203-by-cuckydev-on-???
==5203== embedded gdbserver: writing to   /tmp/vgdb-pipe-to-vgdb-from-5203-by-cuckydev-on-???
==5203== embedded gdbserver: shared mem   /tmp/vgdb-pipe-shared-mem-vgdb-5203-by-cuckydev-on-???
==5203== 
==5203== TO CONTROL THIS PROCESS USING vgdb (which you probably
==5203== don't want to do, unless you know exactly what you're doing,
==5203== or are doing some strange experiment):
==5203==   /snap/valgrind/72/usr/lib/valgrind/../../bin/vgdb --pid=5203 ...command...
==5203== 
==5203== TO DEBUG THIS PROCESS USING GDB: start GDB like this
==5203==   /path/to/gdb bin_client/CuckyVoxel_debug
==5203== and then give GDB the following command
==5203==   target remote | /snap/valgrind/72/usr/lib/valgrind/../../bin/vgdb --pid=5203
==5203== --pid is optional if only one valgrind process is running
==5203== 
--5203-- REDIR: 0x401f320 (ld-linux-x86-64.so.2:strlen) redirected to 0x581e37ce (vgPlain_amd64_linux_REDIR_FOR_strlen)
--5203-- REDIR: 0x401f100 (ld-linux-x86-64.so.2:index) redirected to 0x581e37e8 (vgPlain_amd64_linux_REDIR_FOR_index)
--5203-- Reading syms from /snap/valgrind/72/usr/lib/valgrind/vgpreload_core-amd64-linux.so
--5203-- Reading syms from /snap/valgrind/72/usr/lib/valgrind/vgpreload_memcheck-amd64-linux.so
==5203== WARNING: new redirection conflicts with existing -- ignoring it
--5203--     old: 0x0401f320 (strlen              ) R-> (0000.0) 0x581e37ce vgPlain_amd64_linux_REDIR_FOR_strlen
--5203--     new: 0x0401f320 (strlen              ) R-> (2007.0) 0x04c33350 strlen
--5203-- REDIR: 0x401d390 (ld-linux-x86-64.so.2:strcmp) redirected to 0x4c34480 (strcmp)
--5203-- REDIR: 0x401f860 (ld-linux-x86-64.so.2:mempcpy) redirected to 0x4c38290 (mempcpy)
--5203-- Reading syms from /usr/local/lib/libSDL2-2.0.so.0.12.1
--5203-- Reading syms from /usr/lib/x86_64-linux-gnu/libGLEW.so.2.0.0
--5203--    object doesn't have a symbol table
--5203-- Reading syms from /usr/lib/x86_64-linux-gnu/libGLX.so.0.0.0
--5203--    object doesn't have a symbol table
--5203-- Reading syms from /usr/lib/x86_64-linux-gnu/libOpenGL.so.0.0.0
--5203--    object doesn't have a symbol table
--5203-- Reading syms from /usr/lib/x86_64-linux-gnu/libstdc++.so.6.0.28
--5203--    object doesn't have a symbol table
--5203-- Reading syms from /lib/x86_64-linux-gnu/libm-2.27.so
--5203--   Considering /lib/x86_64-linux-gnu/libm-2.27.so ..
--5203--   .. CRC mismatch (computed 4cce394c wanted e22acdb4)
--5203--   Considering /usr/lib/debug/lib/x86_64-linux-gnu/libm-2.27.so ..
--5203--   .. CRC is valid
--5203-- Reading syms from /lib/x86_64-linux-gnu/libgcc_s.so.1
--5203--    object doesn't have a symbol table
--5203-- Reading syms from /lib/x86_64-linux-gnu/libc-2.27.so
--5203--   Considering /lib/x86_64-linux-gnu/libc-2.27.so ..
--5203--   .. CRC mismatch (computed c2c067b2 wanted d73adc7f)
--5203--   Considering /usr/lib/debug/lib/x86_64-linux-gnu/libc-2.27.so ..
--5203--   .. CRC is valid
--5203-- Reading syms from /lib/x86_64-linux-gnu/libdl-2.27.so
--5203--   Considering /lib/x86_64-linux-gnu/libdl-2.27.so ..
--5203--   .. CRC mismatch (computed 415bd007 wanted 4d6f4a12)
--5203--   Considering /usr/lib/debug/lib/x86_64-linux-gnu/libdl-2.27.so ..
--5203--   .. CRC is valid
--5203-- Reading syms from /lib/x86_64-linux-gnu/libpthread-2.27.so
--5203--   Considering /usr/lib/debug/.build-id/bc/3c06107774266c5f7db3f1f380a3da68af90fa.debug ..
--5203--   .. build-id is valid
--5203-- Reading syms from /lib/x86_64-linux-gnu/librt-2.27.so
--5203--   Considering /lib/x86_64-linux-gnu/librt-2.27.so ..
--5203--   .. CRC mismatch (computed c8cf706c wanted b5c8ed65)
--5203--   Considering /usr/lib/debug/lib/x86_64-linux-gnu/librt-2.27.so ..
--5203--   .. CRC is valid
--5203-- Reading syms from /usr/lib/x86_64-linux-gnu/libGL.so.1.7.0
--5203--    object doesn't have a symbol table
--5203-- Reading syms from /usr/lib/x86_64-linux-gnu/libGLdispatch.so.0.0.0
--5203--    object doesn't have a symbol table
--5203-- Reading syms from /usr/lib/x86_64-linux-gnu/libX11.so.6.3.0
--5203--    object doesn't have a symbol table
--5203-- Reading syms from /usr/lib/x86_64-linux-gnu/libxcb.so.1.1.0
--5203--    object doesn't have a symbol table
--5203-- Reading syms from /usr/lib/x86_64-linux-gnu/libXau.so.6.0.0
--5203--   Considering /usr/lib/x86_64-linux-gnu/libXau.so.6.0.0 ..
--5203--   .. CRC mismatch (computed 9cab0fc5 wanted c7388f00)
--5203--    object doesn't have a symbol table
--5203-- Reading syms from /usr/lib/x86_64-linux-gnu/libXdmcp.so.6.0.0
--5203--    object doesn't have a symbol table
--5203-- Reading syms from /lib/x86_64-linux-gnu/libbsd.so.0.8.7
--5203--    object doesn't have a symbol table
--5203-- REDIR: 0x6304ce0 (libc.so.6:memmove) redirected to 0x4a2a6de (_vgnU_ifunc_wrapper)
--5203-- REDIR: 0x6303db0 (libc.so.6:strncpy) redirected to 0x4a2a6de (_vgnU_ifunc_wrapper)
--5203-- REDIR: 0x6304fc0 (libc.so.6:strcasecmp) redirected to 0x4a2a6de (_vgnU_ifunc_wrapper)
--5203-- REDIR: 0x6303800 (libc.so.6:strcat) redirected to 0x4a2a6de (_vgnU_ifunc_wrapper)
--5203-- REDIR: 0x6303de0 (libc.so.6:rindex) redirected to 0x4a2a6de (_vgnU_ifunc_wrapper)
--5203-- REDIR: 0x6306830 (libc.so.6:rawmemchr) redirected to 0x4a2a6de (_vgnU_ifunc_wrapper)
--5203-- REDIR: 0x6323480 (libc.so.6:wmemchr) redirected to 0x4a2a6de (_vgnU_ifunc_wrapper)
--5203-- REDIR: 0x6304e50 (libc.so.6:mempcpy) redirected to 0x4a2a6de (_vgnU_ifunc_wrapper)
--5203-- REDIR: 0x6304c80 (libc.so.6:bcmp) redirected to 0x4a2a6de (_vgnU_ifunc_wrapper)
--5203-- REDIR: 0x6303d70 (libc.so.6:strncmp) redirected to 0x4a2a6de (_vgnU_ifunc_wrapper)
--5203-- REDIR: 0x6303870 (libc.so.6:strcmp) redirected to 0x4a2a6de (_vgnU_ifunc_wrapper)
--5203-- REDIR: 0x6304db0 (libc.so.6:memset) redirected to 0x4a2a6de (_vgnU_ifunc_wrapper)
--5203-- REDIR: 0x6322160 (libc.so.6:wcschr) redirected to 0x4a2a6de (_vgnU_ifunc_wrapper)
--5203-- REDIR: 0x6303d10 (libc.so.6:strnlen) redirected to 0x4a2a6de (_vgnU_ifunc_wrapper)
--5203-- REDIR: 0x63038e0 (libc.so.6:strcspn) redirected to 0x4a2a6de (_vgnU_ifunc_wrapper)
--5203-- REDIR: 0x6305010 (libc.so.6:strncasecmp) redirected to 0x4a2a6de (_vgnU_ifunc_wrapper)
--5203-- REDIR: 0x63038b0 (libc.so.6:strcpy) redirected to 0x4a2a6de (_vgnU_ifunc_wrapper)
--5203-- REDIR: 0x6305150 (libc.so.6:memcpy@@GLIBC_2.14) redirected to 0x4a2a6de (_vgnU_ifunc_wrapper)
--5203-- REDIR: 0x6324730 (libc.so.6:wcsnlen) redirected to 0x4a2a6de (_vgnU_ifunc_wrapper)
--5203-- REDIR: 0x6303e10 (libc.so.6:strpbrk) redirected to 0x4a2a6de (_vgnU_ifunc_wrapper)
--5203-- REDIR: 0x6303830 (libc.so.6:index) redirected to 0x4a2a6de (_vgnU_ifunc_wrapper)
--5203-- REDIR: 0x6303ce0 (libc.so.6:strlen) redirected to 0x4a2a6de (_vgnU_ifunc_wrapper)
--5203-- REDIR: 0x630e730 (libc.so.6:memrchr) redirected to 0x4a2a6de (_vgnU_ifunc_wrapper)
--5203-- REDIR: 0x6305060 (libc.so.6:strcasecmp_l) redirected to 0x4a2a6de (_vgnU_ifunc_wrapper)
--5203-- REDIR: 0x6304c50 (libc.so.6:memchr) redirected to 0x4a2a6de (_vgnU_ifunc_wrapper)
--5203-- REDIR: 0x6322f20 (libc.so.6:wcslen) redirected to 0x4a2a6de (_vgnU_ifunc_wrapper)
--5203-- REDIR: 0x63040c0 (libc.so.6:strspn) redirected to 0x4a2a6de (_vgnU_ifunc_wrapper)
--5203-- REDIR: 0x6304f90 (libc.so.6:stpncpy) redirected to 0x4a2a6de (_vgnU_ifunc_wrapper)
--5203-- REDIR: 0x6304f60 (libc.so.6:stpcpy) redirected to 0x4a2a6de (_vgnU_ifunc_wrapper)
--5203-- REDIR: 0x6306860 (libc.so.6:strchrnul) redirected to 0x4a2a6de (_vgnU_ifunc_wrapper)
--5203-- REDIR: 0x63050b0 (libc.so.6:strncasecmp_l) redirected to 0x4a2a6de (_vgnU_ifunc_wrapper)
--5203-- REDIR: 0x63173a0 (libc.so.6:__strrchr_sse2) redirected to 0x4c32d30 (__strrchr_sse2)
--5203-- REDIR: 0x6317690 (libc.so.6:__strlen_sse2) redirected to 0x4c332d0 (__strlen_sse2)
--5203-- REDIR: 0x63000a0 (libc.so.6:calloc) redirected to 0x4c32094 (calloc)
--5203-- REDIR: 0x62fd0e0 (libc.so.6:malloc) redirected to 0x4c2fe5d (malloc)
--5203-- REDIR: 0x62feca0 (libc.so.6:realloc) redirected to 0x4c3228d (realloc)
--5203-- REDIR: 0x63214d0 (libc.so.6:memcpy@GLIBC_2.2.5) redirected to 0x4c34600 (memcpy@GLIBC_2.2.5)
--5203-- REDIR: 0x630fee0 (libc.so.6:__strcmp_sse2_unaligned) redirected to 0x4c34340 (strcmp)
--5203-- REDIR: 0x63f6230 (libc.so.6:__memcmp_sse4_1) redirected to 0x4c36800 (__memcmp_sse4_1)
--5203-- REDIR: 0x5981d40 (libstdc++.so.6:operator new(unsigned long)) redirected to 0x4c304bc (operator new(unsigned long))
--5203-- REDIR: 0x63218e0 (libc.so.6:__memset_sse2_unaligned) redirected to 0x4c37160 (memset)
--5203-- REDIR: 0x63119e0 (libc.so.6:__memchr_sse2) redirected to 0x4c34520 (memchr)
--5203-- Reading syms from /usr/lib/x86_64-linux-gnu/libXext.so.6.4.0
--5203--   Considering /usr/lib/x86_64-linux-gnu/libXext.so.6.4.0 ..
--5203--   .. CRC mismatch (computed b483887a wanted 38c83e44)
--5203--    object doesn't have a symbol table
--5203-- Reading syms from /usr/lib/x86_64-linux-gnu/libXcursor.so.1.0.2
--5203--    object doesn't have a symbol table
--5203-- Reading syms from /usr/lib/x86_64-linux-gnu/libXrender.so.1.3.0
--5203--    object doesn't have a symbol table
--5203-- Reading syms from /usr/lib/x86_64-linux-gnu/libXfixes.so.3.1.0
--5203--    object doesn't have a symbol table
--5203-- Reading syms from /usr/lib/x86_64-linux-gnu/libXinerama.so.1.0.0
--5203--   Considering /usr/lib/x86_64-linux-gnu/libXinerama.so.1.0.0 ..
--5203--   .. CRC mismatch (computed 7bb99cdf wanted 61ad4d32)
--5203--    object doesn't have a symbol table
--5203-- Reading syms from /usr/lib/x86_64-linux-gnu/libXi.so.6.1.0
--5203--    object doesn't have a symbol table
--5203-- Reading syms from /usr/lib/x86_64-linux-gnu/libXrandr.so.2.2.0
--5203--    object doesn't have a symbol table
--5203-- Reading syms from /usr/lib/x86_64-linux-gnu/libXss.so.1.0.0
--5203--   Considering /usr/lib/x86_64-linux-gnu/libXss.so.1.0.0 ..
--5203--   .. CRC mismatch (computed ab522b10 wanted 5fc28128)
--5203--    object doesn't have a symbol table
--5203-- Reading syms from /usr/lib/x86_64-linux-gnu/libXxf86vm.so.1.0.0
--5203--    object doesn't have a symbol table
--5203-- REDIR: 0x62fd9c0 (libc.so.6:free) redirected to 0x4c3100a (free)
--5203-- REDIR: 0x631dbc0 (libc.so.6:__stpcpy_sse2_unaligned) redirected to 0x4c36cb0 (__stpcpy_sse2_unaligned)
--5203-- REDIR: 0x63214b0 (libc.so.6:__mempcpy_sse2_unaligned) redirected to 0x4c37ed0 (mempcpy)
--5203-- REDIR: 0x6317190 (libc.so.6:__strchrnul_sse2) redirected to 0x4c37dc0 (strchrnul)
--5203-- REDIR: 0x63eb780 (libc.so.6:__strncmp_sse42) redirected to 0x4c33b10 (__strncmp_sse42)
--5203-- REDIR: 0x6397e20 (libc.so.6:__strcpy_chk) redirected to 0x4c37e30 (__strcpy_chk)
--5203-- REDIR: 0x6304600 (libc.so.6:__GI_strstr) redirected to 0x4c38500 (__strstr_sse2)
--5203-- REDIR: 0x631cbe0 (libc.so.6:__strncpy_sse2_unaligned) redirected to 0x4c33880 (__strncpy_sse2_unaligned)
--5203-- Discarding syms at 0x8350320-0x8354d40 in /usr/lib/x86_64-linux-gnu/libXcursor.so.1.0.2 (have_dinfo 1)
--5203-- Discarding syms at 0x8763540-0x8765876 in /usr/lib/x86_64-linux-gnu/libXfixes.so.3.1.0 (have_dinfo 1)
--5203-- Discarding syms at 0x8968af0-0x89693ec in /usr/lib/x86_64-linux-gnu/libXinerama.so.1.0.0 (have_dinfo 1)
--5203-- Discarding syms at 0x8b6d180-0x8b779d7 in /usr/lib/x86_64-linux-gnu/libXi.so.6.1.0 (have_dinfo 1)
--5203-- Discarding syms at 0x8d7cc00-0x8d82cf5 in /usr/lib/x86_64-linux-gnu/libXrandr.so.2.2.0 (have_dinfo 1)
--5203-- Discarding syms at 0x8559a60-0x855fab5 in /usr/lib/x86_64-linux-gnu/libXrender.so.1.3.0 (have_dinfo 1)
--5203-- Discarding syms at 0x8f86cd0-0x8f87a8c in /usr/lib/x86_64-linux-gnu/libXss.so.1.0.0 (have_dinfo 1)
--5203-- Discarding syms at 0x918afc0-0x918d8c8 in /usr/lib/x86_64-linux-gnu/libXxf86vm.so.1.0.0 (have_dinfo 1)
--5203-- Discarding syms at 0x813f590-0x814939f in /usr/lib/x86_64-linux-gnu/libXext.so.6.4.0 (have_dinfo 1)
--5203-- Reading syms from /usr/lib/x86_64-linux-gnu/libXext.so.6.4.0
--5203--   Considering /usr/lib/x86_64-linux-gnu/libXext.so.6.4.0 ..
--5203--   .. CRC mismatch (computed b483887a wanted 38c83e44)
--5203--    object doesn't have a symbol table
--5203-- Reading syms from /usr/lib/x86_64-linux-gnu/libXcursor.so.1.0.2
--5203--    object doesn't have a symbol table
--5203-- Reading syms from /usr/lib/x86_64-linux-gnu/libXrender.so.1.3.0
--5203--    object doesn't have a symbol table
--5203-- Reading syms from /usr/lib/x86_64-linux-gnu/libXfixes.so.3.1.0
--5203--    object doesn't have a symbol table
--5203-- Reading syms from /usr/lib/x86_64-linux-gnu/libXinerama.so.1.0.0
--5203--   Considering /usr/lib/x86_64-linux-gnu/libXinerama.so.1.0.0 ..
--5203--   .. CRC mismatch (computed 7bb99cdf wanted 61ad4d32)
--5203--    object doesn't have a symbol table
--5203-- Reading syms from /usr/lib/x86_64-linux-gnu/libXi.so.6.1.0
--5203--    object doesn't have a symbol table
--5203-- Reading syms from /usr/lib/x86_64-linux-gnu/libXrandr.so.2.2.0
--5203--    object doesn't have a symbol table
--5203-- Reading syms from /usr/lib/x86_64-linux-gnu/libXss.so.1.0.0
--5203--   Considering /usr/lib/x86_64-linux-gnu/libXss.so.1.0.0 ..
--5203--   .. CRC mismatch (computed ab522b10 wanted 5fc28128)
--5203--    object doesn't have a symbol table
--5203-- Reading syms from /usr/lib/x86_64-linux-gnu/libXxf86vm.so.1.0.0
--5203--    object doesn't have a symbol table
--5203-- REDIR: 0x631c5b0 (libc.so.6:__strcpy_sse2_unaligned) redirected to 0x4c33370 (strcpy)
--5203-- REDIR: 0x6304b90 (libc.so.6:strstr) redirected to 0x4a2a6de (_vgnU_ifunc_wrapper)
--5203-- REDIR: 0x6320e20 (libc.so.6:__strstr_sse2_unaligned) redirected to 0x4c38480 (strstr)
--5203-- REDIR: 0x6316f70 (libc.so.6:__strchr_sse2) redirected to 0x4c32e70 (__strchr_sse2)
--5203-- Reading syms from /lib/x86_64-linux-gnu/libdbus-1.so.3.19.4
--5203--    object doesn't have a symbol table
--5203-- Reading syms from /lib/x86_64-linux-gnu/libsystemd.so.0.21.0
--5203--    object doesn't have a symbol table
--5203-- Reading syms from /lib/x86_64-linux-gnu/liblzma.so.5.2.2
--5203--    object doesn't have a symbol table
--5203-- Reading syms from /usr/lib/x86_64-linux-gnu/liblz4.so.1.7.1
--5203--   Considering /usr/lib/x86_64-linux-gnu/liblz4.so.1.7.1 ..
--5203--   .. CRC mismatch (computed 40fbd3a8 wanted 46df455d)
--5203--    object doesn't have a symbol table
--5203-- Reading syms from /lib/x86_64-linux-gnu/libgcrypt.so.20.2.1
--5203--    object doesn't have a symbol table
--5203-- Reading syms from /lib/x86_64-linux-gnu/libgpg-error.so.0.22.0
--5203--    object doesn't have a symbol table
--5203-- REDIR: 0x6397a50 (libc.so.6:__memcpy_chk) redirected to 0x4a2a6de (_vgnU_ifunc_wrapper)
--5203-- REDIR: 0x63f0570 (libc.so.6:__strspn_sse42) redirected to 0x4c38730 (strspn)
--5203-- REDIR: 0x63f02e0 (libc.so.6:__strcspn_sse42) redirected to 0x4c38670 (strcspn)
--5203-- Reading syms from /usr/lib/x86_64-linux-gnu/libGLX_mesa.so.0.0.0
--5203--    object doesn't have a symbol table
--5203-- Reading syms from /usr/lib/x86_64-linux-gnu/libglapi.so.0.0.0
--5203--    object doesn't have a symbol table
--5203-- Reading syms from /usr/lib/x86_64-linux-gnu/libdrm.so.2.4.0
--5203--    object doesn't have a symbol table
--5203-- Reading syms from /usr/lib/x86_64-linux-gnu/libxcb-glx.so.0.0.0
--5203--    object doesn't have a symbol table
--5203-- Reading syms from /usr/lib/x86_64-linux-gnu/libX11-xcb.so.1.0.0
--5203--    object doesn't have a symbol table
--5203-- Reading syms from /usr/lib/x86_64-linux-gnu/libxcb-dri2.so.0.0.0
--5203--    object doesn't have a symbol table
--5203-- Reading syms from /usr/lib/x86_64-linux-gnu/libXdamage.so.1.1.0
--5203--    object doesn't have a symbol table
--5203-- Reading syms from /usr/lib/x86_64-linux-gnu/libxcb-shm.so.0.0.0
--5203--    object doesn't have a symbol table
--5203-- Reading syms from /lib/x86_64-linux-gnu/libexpat.so.1.6.7
--5203--    object doesn't have a symbol table
--5203-- Reading syms from /usr/lib/x86_64-linux-gnu/libxcb-dri3.so.0.0.0
--5203--    object doesn't have a symbol table
--5203-- Reading syms from /usr/lib/x86_64-linux-gnu/libxcb-present.so.0.0.0
--5203--    object doesn't have a symbol table
--5203-- Reading syms from /usr/lib/x86_64-linux-gnu/libxcb-sync.so.1.0.0
--5203--    object doesn't have a symbol table
--5203-- Reading syms from /usr/lib/x86_64-linux-gnu/libxshmfence.so.1.0.0
--5203--    object doesn't have a symbol table
--5203-- REDIR: 0x6317830 (libc.so.6:__strnlen_sse2) redirected to 0x4c33230 (strnlen)
--5203-- REDIR: 0x6311d10 (libc.so.6:__rawmemchr_sse2) redirected to 0x4c37df0 (rawmemchr)
--5203-- Reading syms from /usr/lib/x86_64-linux-gnu/dri/i965_dri.so
--5203--    object doesn't have a symbol table
--5203-- Reading syms from /lib/x86_64-linux-gnu/libz.so.1.2.11
--5203--    object doesn't have a symbol table
--5203-- Reading syms from /usr/lib/x86_64-linux-gnu/libzstd.so.1.3.3
--5203--    object doesn't have a symbol table
--5203-- Reading syms from /usr/lib/x86_64-linux-gnu/libdrm_intel.so.1.0.0
--5203--    object doesn't have a symbol table
--5203-- Reading syms from /usr/lib/x86_64-linux-gnu/libdrm_radeon.so.1.0.1
--5203--    object doesn't have a symbol table
--5203-- Reading syms from /usr/lib/x86_64-linux-gnu/libdrm_nouveau.so.2.0.0
--5203--    object doesn't have a symbol table
--5203-- Reading syms from /usr/lib/x86_64-linux-gnu/libpciaccess.so.0.11.1
--5203--    object doesn't have a symbol table
--5203-- REDIR: 0x5981d90 (libstdc++.so.6:operator new[](unsigned long)) redirected to 0x4c30ba9 (operator new[](unsigned long))
--5203-- REDIR: 0x59800a0 (libstdc++.so.6:operator delete[](void*)) redirected to 0x4c31b78 (operator delete[](void*))
--5203-- REDIR: 0x63ee310 (libc.so.6:__strncasecmp_sse42) redirected to 0x4c33c70 (strncasecmp)
--5203-- Reading syms from /lib/x86_64-linux-gnu/libnss_compat-2.27.so
--5203--   Considering /lib/x86_64-linux-gnu/libnss_compat-2.27.so ..
--5203--   .. CRC mismatch (computed 241d2060 wanted 0ba25da4)
--5203--   Considering /usr/lib/debug/lib/x86_64-linux-gnu/libnss_compat-2.27.so ..
--5203--   .. CRC is valid
--5203-- Reading syms from /lib/x86_64-linux-gnu/libnss_nis-2.27.so
--5203--   Considering /lib/x86_64-linux-gnu/libnss_nis-2.27.so ..
--5203--   .. CRC mismatch (computed 875fb728 wanted 2943766f)
--5203--   Considering /usr/lib/debug/lib/x86_64-linux-gnu/libnss_nis-2.27.so ..
--5203--   .. CRC is valid
--5203-- Reading syms from /lib/x86_64-linux-gnu/libnsl-2.27.so
--5203--   Considering /lib/x86_64-linux-gnu/libnsl-2.27.so ..
--5203--   .. CRC mismatch (computed 93b0c290 wanted 14481eb5)
--5203--   Considering /usr/lib/debug/lib/x86_64-linux-gnu/libnsl-2.27.so ..
--5203--   .. CRC is valid
--5203-- Reading syms from /lib/x86_64-linux-gnu/libnss_files-2.27.so
--5203--   Considering /lib/x86_64-linux-gnu/libnss_files-2.27.so ..
--5203--   .. CRC mismatch (computed 72e2d53a wanted a4e6b9c7)
--5203--   Considering /usr/lib/debug/lib/x86_64-linux-gnu/libnss_files-2.27.so ..
--5203--   .. CRC is valid
--5203-- REDIR: 0x6300de0 (libc.so.6:posix_memalign) redirected to 0x4c32514 (posix_memalign)
--5203-- WARNING: Serious error when reading debug info
--5203-- When reading debug info from /memfd:xshmfence (deleted):
--5203-- failed to stat64/stat this file
--5203-- WARNING: Serious error when reading debug info
--5203-- When reading debug info from /memfd:xshmfence (deleted):
--5203-- failed to stat64/stat this file
--5203-- Reading syms from /usr/lib/x86_64-linux-gnu/libpulse-simple.so.0.1.1
--5203--    object doesn't have a symbol table
--5203-- Reading syms from /usr/lib/x86_64-linux-gnu/libpulse.so.0.20.2
--5203--    object doesn't have a symbol table
--5203-- Reading syms from /usr/lib/x86_64-linux-gnu/pulseaudio/libpulsecommon-11.1.so
--5203--    object doesn't have a symbol table
--5203-- Reading syms from /lib/x86_64-linux-gnu/libwrap.so.0.7.6
--5203--    object doesn't have a symbol table
--5203-- Reading syms from /usr/lib/x86_64-linux-gnu/libsndfile.so.1.0.28
--5203--    object doesn't have a symbol table
--5203-- Reading syms from /usr/lib/x86_64-linux-gnu/libasyncns.so.0.3.1
--5203--    object doesn't have a symbol table
--5203-- Reading syms from /usr/lib/x86_64-linux-gnu/libFLAC.so.8.3.0
--5203--    object doesn't have a symbol table
--5203-- Reading syms from /usr/lib/x86_64-linux-gnu/libogg.so.0.8.2
--5203--   Considering /usr/lib/x86_64-linux-gnu/libogg.so.0.8.2 ..
--5203--   .. CRC mismatch (computed 79e45162 wanted f32912dd)
--5203--    object doesn't have a symbol table
--5203-- Reading syms from /usr/lib/x86_64-linux-gnu/libvorbis.so.0.4.8
--5203--    object doesn't have a symbol table
--5203-- Reading syms from /usr/lib/x86_64-linux-gnu/libvorbisenc.so.2.0.11
--5203--    object doesn't have a symbol table
--5203-- Reading syms from /lib/x86_64-linux-gnu/libresolv-2.27.so
--5203--   Considering /lib/x86_64-linux-gnu/libresolv-2.27.so ..
--5203--   .. CRC mismatch (computed 5df7bac0 wanted a9fc7e1b)
--5203--   Considering /usr/lib/debug/lib/x86_64-linux-gnu/libresolv-2.27.so ..
--5203--   .. CRC is valid
--5203-- REDIR: 0x6303d40 (libc.so.6:strncat) redirected to 0x4a2a6de (_vgnU_ifunc_wrapper)
--5203-- REDIR: 0x63f0420 (libc.so.6:__strpbrk_sse42) redirected to 0x4c38600 (strpbrk)
--5203-- WARNING: Serious error when reading debug info
--5203-- When reading debug info from /memfd:pulseaudio (deleted):
--5203-- failed to stat64/stat this file
--5203-- WARNING: Serious error when reading debug info
--5203-- When reading debug info from /memfd:pulseaudio (deleted):
--5203-- failed to stat64/stat this file
--5203-- REDIR: 0x63214c0 (libc.so.6:__memcpy_chk_sse2_unaligned) redirected to 0x4c38380 (__memcpy_chk)
--5203-- WARNING: Serious error when reading debug info
--5203-- When reading debug info from /memfd:pulseaudio (deleted):
--5203-- failed to stat64/stat this file
--5203-- WARNING: Serious error when reading debug info
--5203-- When reading debug info from /memfd:pulseaudio (deleted):
--5203-- failed to stat64/stat this file
--5203-- REDIR: 0x63ec760 (libc.so.6:__strcasecmp_sse42) redirected to 0x4c33b90 (strcasecmp)
--5203-- Reading syms from /lib/x86_64-linux-gnu/libudev.so.1.6.9
--5203--    object doesn't have a symbol table
--5203-- WARNING: Serious error when reading debug info
--5203-- When reading debug info from /memfd:xshmfence (deleted):
--5203-- failed to stat64/stat this file
--5203-- WARNING: Serious error when reading debug info
--5203-- When reading debug info from /memfd:xshmfence (deleted):
--5203-- failed to stat64/stat this file
--5203-- REDIR: 0x5980070 (libstdc++.so.6:operator delete(void*)) redirected to 0x4c314da (operator delete(void*))
==5203== Conditional jump or move depends on uninitialised value(s)
==5203==    at 0x13A460: Backend::Render::Shader_OpenGL::CompileShader(std::__cxx11::basic_string<char, std::char_traits<char>, std::allocator<char> >, std::__cxx11::basic_string<char, std::char_traits<char>, std::allocator<char> >) (Shader.cpp:61)
==5203==    by 0x13AA3B: Backend::Render::Shader_OpenGL::Shader_OpenGL(Backend::Render::ShaderFile const&) (Shader.cpp:130)
==5203==    by 0x13313C: Backend::Render::Render_OpenGL::NewShader(Backend::Render::ShaderFile const&) (Render.h:49)
==5203==    by 0x1116B9: main (Main.cpp:97)
==5203== 
==5203== Conditional jump or move depends on uninitialised value(s)
==5203==    at 0x13A552: Backend::Render::Shader_OpenGL::CompileShader(std::__cxx11::basic_string<char, std::char_traits<char>, std::allocator<char> >, std::__cxx11::basic_string<char, std::char_traits<char>, std::allocator<char> >) (Shader.cpp:83)
==5203==    by 0x13AA3B: Backend::Render::Shader_OpenGL::Shader_OpenGL(Backend::Render::ShaderFile const&) (Shader.cpp:130)
==5203==    by 0x13313C: Backend::Render::Render_OpenGL::NewShader(Backend::Render::ShaderFile const&) (Render.h:49)
==5203==    by 0x1116B9: main (Main.cpp:97)
==5203== 
--5203-- REDIR: 0x5980080 (libstdc++.so.6:operator delete(void*, unsigned long)) redirected to 0x4c316a8 (operator delete(void*, unsigned long))
--5203-- REDIR: 0x59800b0 (libstdc++.so.6:operator delete[](void*, unsigned long)) redirected to 0x4c31d46 (operator delete[](void*, unsigned long))
--5203-- WARNING: Serious error when reading debug info
--5203-- When reading debug info from /memfd:xshmfence (deleted):
--5203-- failed to stat64/stat this file
--5203-- Discarding syms at 0x22a898c0-0x22a9ba83 in /lib/x86_64-linux-gnu/libudev.so.1.6.9 (have_dinfo 1)
--5203-- Discarding syms at 0x8350320-0x8354d40 in /usr/lib/x86_64-linux-gnu/libXcursor.so.1.0.2 (have_dinfo 1)
--5203-- Discarding syms at 0x8968af0-0x89693ec in /usr/lib/x86_64-linux-gnu/libXinerama.so.1.0.0 (have_dinfo 1)
--5203-- Discarding syms at 0x8b6d180-0x8b779d7 in /usr/lib/x86_64-linux-gnu/libXi.so.6.1.0 (have_dinfo 1)
--5203-- Discarding syms at 0x8d7cc00-0x8d82cf5 in /usr/lib/x86_64-linux-gnu/libXrandr.so.2.2.0 (have_dinfo 1)
--5203-- Discarding syms at 0x8559a60-0x855fab5 in /usr/lib/x86_64-linux-gnu/libXrender.so.1.3.0 (have_dinfo 1)
--5203-- Discarding syms at 0x8f86cd0-0x8f87a8c in /usr/lib/x86_64-linux-gnu/libXss.so.1.0.0 (have_dinfo 1)
--5203-- Discarding syms at 0xa8cb8c0-0xa90f1ce in /usr/lib/x86_64-linux-gnu/libGLX_mesa.so.0.0.0 (have_dinfo 1)
--5203-- Discarding syms at 0x918afc0-0x918d8c8 in /usr/lib/x86_64-linux-gnu/libXxf86vm.so.1.0.0 (have_dinfo 1)
--5203-- Discarding syms at 0x8763540-0x8765876 in /usr/lib/x86_64-linux-gnu/libXfixes.so.3.1.0 (have_dinfo 1)
--5203-- Discarding syms at 0x813f590-0x814939f in /usr/lib/x86_64-linux-gnu/libXext.so.6.4.0 (have_dinfo 1)
--5203-- Discarding syms at 0xaf7de40-0xaf86285 in /usr/lib/x86_64-linux-gnu/libxcb-glx.so.0.0.0 (have_dinfo 1)
--5203-- Discarding syms at 0xb18e4e0-0xb18e5db in /usr/lib/x86_64-linux-gnu/libX11-xcb.so.1.0.0 (have_dinfo 1)
--5203-- Discarding syms at 0xb391820-0xb3929a5 in /usr/lib/x86_64-linux-gnu/libxcb-dri2.so.0.0.0 (have_dinfo 1)
--5203-- Discarding syms at 0xb595b60-0xb59644b in /usr/lib/x86_64-linux-gnu/libXdamage.so.1.1.0 (have_dinfo 1)
--5203-- Discarding syms at 0xb798d50-0xb799843 in /usr/lib/x86_64-linux-gnu/libxcb-shm.so.0.0.0 (have_dinfo 1)
--5203-- Discarding syms at 0xbbce4f0-0xbbcf303 in /usr/lib/x86_64-linux-gnu/libxcb-dri3.so.0.0.0 (have_dinfo 1)
--5203-- Discarding syms at 0xbdd1d30-0xbdd25b6 in /usr/lib/x86_64-linux-gnu/libxcb-present.so.0.0.0 (have_dinfo 1)
--5203-- Discarding syms at 0xbfd60e0-0xbfd8192 in /usr/lib/x86_64-linux-gnu/libxcb-sync.so.1.0.0 (have_dinfo 1)
--5203-- Discarding syms at 0xc1db960-0xc1dbc2c in /usr/lib/x86_64-linux-gnu/libxshmfence.so.1.0.0 (have_dinfo 1)
--5203-- Discarding syms at 0xe0442a0-0xe04a1ac in /lib/x86_64-linux-gnu/libnss_compat-2.27.so (have_dinfo 1)
--5203-- Discarding syms at 0xe24f070-0xe2560d9 in /lib/x86_64-linux-gnu/libnss_nis-2.27.so (have_dinfo 1)
--5203-- Discarding syms at 0xe675350-0xe67bd8f in /lib/x86_64-linux-gnu/libnss_files-2.27.so (have_dinfo 1)
==5203== 
==5203== HEAP SUMMARY:
==5203==     in use at exit: 1,068,842 bytes in 2,164 blocks
==5203==   total heap usage: 97,706 allocs, 95,542 frees, 100,971,210 bytes allocated
==5203== 
==5203== Searching for pointers to 2,164 not-freed blocks
==5203== Checked 2,470,640 bytes
==5203== 
==5203== 1 bytes in 1 blocks are definitely lost in loss record 4 of 986
==5203==    at 0x4C2FECB: malloc (vg_replace_malloc.c:307)
==5203==    by 0x7217924: _XlcDefaultMapModifiers (in /usr/lib/x86_64-linux-gnu/libX11.so.6.3.0)
==5203==    by 0x7217D15: XSetLocaleModifiers (in /usr/lib/x86_64-linux-gnu/libX11.so.6.3.0)
==5203==    by 0x4F644C4: X11_InitKeyboard (SDL_x11keyboard.c:324)
==5203==    by 0x4F6C77B: X11_VideoInit (SDL_x11video.c:455)
==5203==    by 0x4F330B2: SDL_VideoInit_REAL (SDL_video.c:532)
==5203==    by 0x4E5EAC6: SDL_InitSubSystem_REAL (SDL.c:206)
==5203==    by 0x4E5EAC6: SDL_Init_REAL (SDL.c:291)
==5203==    by 0x132760: Backend::Core::Core_SDL2::Core_SDL2() (Core.cpp:12)
==5203==    by 0x117BD1: Backend::Backend::ConstructSubsystems(Backend::Backend_Type) (Backend.cpp:27)
==5203==    by 0x11805B: Backend::Backend::Backend(Backend::Backend_Type, Backend::Config) (Backend.cpp:65)
==5203==    by 0x111297: main (Main.cpp:28)
==5203== 
==5203== 16 bytes in 1 blocks are possibly lost in loss record 63 of 986
==5203==    at 0x4C2FECB: malloc (vg_replace_malloc.c:307)
==5203==    by 0x6303A29: strdup (strdup.c:42)
==5203==    by 0xC8C3D2E: ??? (in /usr/lib/x86_64-linux-gnu/dri/i965_dri.so)
==5203==    by 0xCC461C2: ??? (in /usr/lib/x86_64-linux-gnu/dri/i965_dri.so)
==5203==    by 0xC7B35F6: ??? (in /usr/lib/x86_64-linux-gnu/dri/i965_dri.so)
==5203==    by 0xC710904: ??? (in /usr/lib/x86_64-linux-gnu/dri/i965_dri.so)
==5203==    by 0x13A204: Backend::Render::Shader_OpenGL::CompileSource(std::__cxx11::basic_string<char, std::char_traits<char>, std::allocator<char> >, unsigned int*, unsigned int) (Shader.cpp:19)
==5203==    by 0x13A37A: Backend::Render::Shader_OpenGL::CompileShader(std::__cxx11::basic_string<char, std::char_traits<char>, std::allocator<char> >, std::__cxx11::basic_string<char, std::char_traits<char>, std::allocator<char> >) (Shader.cpp:46)
==5203==    by 0x13AA3B: Backend::Render::Shader_OpenGL::Shader_OpenGL(Backend::Render::ShaderFile const&) (Shader.cpp:130)
==5203==    by 0x13313C: Backend::Render::Render_OpenGL::NewShader(Backend::Render::ShaderFile const&) (Render.h:49)
==5203==    by 0x1116B9: main (Main.cpp:97)
==5203== 
==5203== 16 bytes in 1 blocks are possibly lost in loss record 64 of 986
==5203==    at 0x4C2FECB: malloc (vg_replace_malloc.c:307)
==5203==    by 0x6303A29: strdup (strdup.c:42)
==5203==    by 0xC8C3D2E: ??? (in /usr/lib/x86_64-linux-gnu/dri/i965_dri.so)
==5203==    by 0xC5D5E39: ??? (in /usr/lib/x86_64-linux-gnu/dri/i965_dri.so)
==5203==    by 0xC7BB362: ??? (in /usr/lib/x86_64-linux-gnu/dri/i965_dri.so)
==5203==    by 0xC6DF1F1: ??? (in /usr/lib/x86_64-linux-gnu/dri/i965_dri.so)
==5203==    by 0xC6F9077: ??? (in /usr/lib/x86_64-linux-gnu/dri/i965_dri.so)
==5203==    by 0xC6F95C0: ??? (in /usr/lib/x86_64-linux-gnu/dri/i965_dri.so)
==5203==    by 0xC7035DC: ??? (in /usr/lib/x86_64-linux-gnu/dri/i965_dri.so)
==5203==    by 0xC7038CF: ??? (in /usr/lib/x86_64-linux-gnu/dri/i965_dri.so)
==5203==    by 0x13943A: Backend::Render::Texture_OpenGL::SetData(unsigned char const*, unsigned int, unsigned int) (Texture.cpp:40)
==5203==    by 0x1392FD: Backend::Render::Texture_OpenGL::Texture_OpenGL(unsigned char const*, unsigned int, unsigned int) (Texture.cpp:18)
==5203== 
==5203== 16 bytes in 1 blocks are possibly lost in loss record 65 of 986
==5203==    at 0x4C2FECB: malloc (vg_replace_malloc.c:307)
==5203==    by 0x6303A29: strdup (strdup.c:42)
==5203==    by 0xC8C3D2E: ??? (in /usr/lib/x86_64-linux-gnu/dri/i965_dri.so)
==5203==    by 0xC5D5EA3: ??? (in /usr/lib/x86_64-linux-gnu/dri/i965_dri.so)
==5203==    by 0xC7BB362: ??? (in /usr/lib/x86_64-linux-gnu/dri/i965_dri.so)
==5203==    by 0xC6DF1F1: ??? (in /usr/lib/x86_64-linux-gnu/dri/i965_dri.so)
==5203==    by 0xC6F9077: ??? (in /usr/lib/x86_64-linux-gnu/dri/i965_dri.so)
==5203==    by 0xC6F95C0: ??? (in /usr/lib/x86_64-linux-gnu/dri/i965_dri.so)
==5203==    by 0xC7035DC: ??? (in /usr/lib/x86_64-linux-gnu/dri/i965_dri.so)
==5203==    by 0xC7038CF: ??? (in /usr/lib/x86_64-linux-gnu/dri/i965_dri.so)
==5203==    by 0x13943A: Backend::Render::Texture_OpenGL::SetData(unsigned char const*, unsigned int, unsigned int) (Texture.cpp:40)
==5203==    by 0x1392FD: Backend::Render::Texture_OpenGL::Texture_OpenGL(unsigned char const*, unsigned int, unsigned int) (Texture.cpp:18)
==5203== 
==5203== 16 bytes in 1 blocks are possibly lost in loss record 66 of 986
==5203==    at 0x4C2FECB: malloc (vg_replace_malloc.c:307)
==5203==    by 0x6303A29: strdup (strdup.c:42)
==5203==    by 0xC8C3D2E: ??? (in /usr/lib/x86_64-linux-gnu/dri/i965_dri.so)
==5203==    by 0xC5D5F40: ??? (in /usr/lib/x86_64-linux-gnu/dri/i965_dri.so)
==5203==    by 0xC7BB362: ??? (in /usr/lib/x86_64-linux-gnu/dri/i965_dri.so)
==5203==    by 0xC6DF1F1: ??? (in /usr/lib/x86_64-linux-gnu/dri/i965_dri.so)
==5203==    by 0xC6F9077: ??? (in /usr/lib/x86_64-linux-gnu/dri/i965_dri.so)
==5203==    by 0xC6F95C0: ??? (in /usr/lib/x86_64-linux-gnu/dri/i965_dri.so)
==5203==    by 0xC7035DC: ??? (in /usr/lib/x86_64-linux-gnu/dri/i965_dri.so)
==5203==    by 0xC7038CF: ??? (in /usr/lib/x86_64-linux-gnu/dri/i965_dri.so)
==5203==    by 0x13943A: Backend::Render::Texture_OpenGL::SetData(unsigned char const*, unsigned int, unsigned int) (Texture.cpp:40)
==5203==    by 0x1392FD: Backend::Render::Texture_OpenGL::Texture_OpenGL(unsigned char const*, unsigned int, unsigned int) (Texture.cpp:18)
==5203== 
==5203== 16 bytes in 1 blocks are possibly lost in loss record 67 of 986
==5203==    at 0x4C2FECB: malloc (vg_replace_malloc.c:307)
==5203==    by 0x6303A29: strdup (strdup.c:42)
==5203==    by 0xC8C3D2E: ??? (in /usr/lib/x86_64-linux-gnu/dri/i965_dri.so)
==5203==    by 0xC5D5FB8: ??? (in /usr/lib/x86_64-linux-gnu/dri/i965_dri.so)
==5203==    by 0xC7BB362: ??? (in /usr/lib/x86_64-linux-gnu/dri/i965_dri.so)
==5203==    by 0xC6DF1F1: ??? (in /usr/lib/x86_64-linux-gnu/dri/i965_dri.so)
==5203==    by 0xC6F9077: ??? (in /usr/lib/x86_64-linux-gnu/dri/i965_dri.so)
==5203==    by 0xC6F95C0: ??? (in /usr/lib/x86_64-linux-gnu/dri/i965_dri.so)
==5203==    by 0xC7035DC: ??? (in /usr/lib/x86_64-linux-gnu/dri/i965_dri.so)
==5203==    by 0xC7038CF: ??? (in /usr/lib/x86_64-linux-gnu/dri/i965_dri.so)
==5203==    by 0x13943A: Backend::Render::Texture_OpenGL::SetData(unsigned char const*, unsigned int, unsigned int) (Texture.cpp:40)
==5203==    by 0x1392FD: Backend::Render::Texture_OpenGL::Texture_OpenGL(unsigned char const*, unsigned int, unsigned int) (Texture.cpp:18)
==5203== 
==5203== 16 bytes in 1 blocks are possibly lost in loss record 68 of 986
==5203==    at 0x4C2FECB: malloc (vg_replace_malloc.c:307)
==5203==    by 0x6303A29: strdup (strdup.c:42)
==5203==    by 0xC8C3D2E: ??? (in /usr/lib/x86_64-linux-gnu/dri/i965_dri.so)
==5203==    by 0xC5D6C15: ??? (in /usr/lib/x86_64-linux-gnu/dri/i965_dri.so)
==5203==    by 0xC7BB362: ??? (in /usr/lib/x86_64-linux-gnu/dri/i965_dri.so)
==5203==    by 0xC6DF1F1: ??? (in /usr/lib/x86_64-linux-gnu/dri/i965_dri.so)
==5203==    by 0xC6F9077: ??? (in /usr/lib/x86_64-linux-gnu/dri/i965_dri.so)
==5203==    by 0xC6F95C0: ??? (in /usr/lib/x86_64-linux-gnu/dri/i965_dri.so)
==5203==    by 0xC7035DC: ??? (in /usr/lib/x86_64-linux-gnu/dri/i965_dri.so)
==5203==    by 0xC7038CF: ??? (in /usr/lib/x86_64-linux-gnu/dri/i965_dri.so)
==5203==    by 0x13943A: Backend::Render::Texture_OpenGL::SetData(unsigned char const*, unsigned int, unsigned int) (Texture.cpp:40)
==5203==    by 0x1392FD: Backend::Render::Texture_OpenGL::Texture_OpenGL(unsigned char const*, unsigned int, unsigned int) (Texture.cpp:18)
==5203== 
==5203== 16 bytes in 1 blocks are possibly lost in loss record 69 of 986
==5203==    at 0x4C2FECB: malloc (vg_replace_malloc.c:307)
==5203==    by 0x6303A29: strdup (strdup.c:42)
==5203==    by 0xC8C3D2E: ??? (in /usr/lib/x86_64-linux-gnu/dri/i965_dri.so)
==5203==    by 0xC4C0408: ??? (in /usr/lib/x86_64-linux-gnu/dri/i965_dri.so)
==5203==    by 0xC5DC270: ??? (in /usr/lib/x86_64-linux-gnu/dri/i965_dri.so)
==5203==    by 0xC79DD0A: ??? (in /usr/lib/x86_64-linux-gnu/dri/i965_dri.so)
==5203==    by 0xC7BB513: ??? (in /usr/lib/x86_64-linux-gnu/dri/i965_dri.so)
==5203==    by 0xC6DF1F1: ??? (in /usr/lib/x86_64-linux-gnu/dri/i965_dri.so)
==5203==    by 0xC6F9077: ??? (in /usr/lib/x86_64-linux-gnu/dri/i965_dri.so)
==5203==    by 0xC6F95C0: ??? (in /usr/lib/x86_64-linux-gnu/dri/i965_dri.so)
==5203==    by 0xC7035DC: ??? (in /usr/lib/x86_64-linux-gnu/dri/i965_dri.so)
==5203==    by 0xC7038CF: ??? (in /usr/lib/x86_64-linux-gnu/dri/i965_dri.so)
==5203== 
==5203== 16 bytes in 1 blocks are possibly lost in loss record 70 of 986
==5203==    at 0x4C2FECB: malloc (vg_replace_malloc.c:307)
==5203==    by 0x6303A29: strdup (strdup.c:42)
==5203==    by 0xC8C3D2E: ??? (in /usr/lib/x86_64-linux-gnu/dri/i965_dri.so)
==5203==    by 0xC92396D: ??? (in /usr/lib/x86_64-linux-gnu/dri/i965_dri.so)
==5203==    by 0xCCD9C3A: ??? (in /usr/lib/x86_64-linux-gnu/dri/i965_dri.so)
==5203==    by 0xC4F7DF1: ??? (in /usr/lib/x86_64-linux-gnu/dri/i965_dri.so)
==5203==    by 0xC74C6E6: ??? (in /usr/lib/x86_64-linux-gnu/dri/i965_dri.so)
==5203==    by 0xC6DF18C: ??? (in /usr/lib/x86_64-linux-gnu/dri/i965_dri.so)
==5203==    by 0xC6F9077: ??? (in /usr/lib/x86_64-linux-gnu/dri/i965_dri.so)
==5203==    by 0xC6F95C0: ??? (in /usr/lib/x86_64-linux-gnu/dri/i965_dri.so)
==5203==    by 0xC7035DC: ??? (in /usr/lib/x86_64-linux-gnu/dri/i965_dri.so)
==5203==    by 0xC7038CF: ??? (in /usr/lib/x86_64-linux-gnu/dri/i965_dri.so)
==5203== 
==5203== 17 bytes in 1 blocks are possibly lost in loss record 91 of 986
==5203==    at 0x4C2FECB: malloc (vg_replace_malloc.c:307)
==5203==    by 0x6303A29: strdup (strdup.c:42)
==5203==    by 0xC8C3D2E: ??? (in /usr/lib/x86_64-linux-gnu/dri/i965_dri.so)
==5203==    by 0xC5D5C45: ??? (in /usr/lib/x86_64-linux-gnu/dri/i965_dri.so)
==5203==    by 0xC7BB362: ??? (in /usr/lib/x86_64-linux-gnu/dri/i965_dri.so)
==5203==    by 0xC6DF1F1: ??? (in /usr/lib/x86_64-linux-gnu/dri/i965_dri.so)
==5203==    by 0xC6F9077: ??? (in /usr/lib/x86_64-linux-gnu/dri/i965_dri.so)
==5203==    by 0xC6F95C0: ??? (in /usr/lib/x86_64-linux-gnu/dri/i965_dri.so)
==5203==    by 0xC7035DC: ??? (in /usr/lib/x86_64-linux-gnu/dri/i965_dri.so)
==5203==    by 0xC7038CF: ??? (in /usr/lib/x86_64-linux-gnu/dri/i965_dri.so)
==5203==    by 0x13943A: Backend::Render::Texture_OpenGL::SetData(unsigned char const*, unsigned int, unsigned int) (Texture.cpp:40)
==5203==    by 0x1392FD: Backend::Render::Texture_OpenGL::Texture_OpenGL(unsigned char const*, unsigned int, unsigned int) (Texture.cpp:18)
==5203== 
==5203== 17 bytes in 1 blocks are possibly lost in loss record 92 of 986
==5203==    at 0x4C2FECB: malloc (vg_replace_malloc.c:307)
==5203==    by 0x6303A29: strdup (strdup.c:42)
==5203==    by 0xC8C3D2E: ??? (in /usr/lib/x86_64-linux-gnu/dri/i965_dri.so)
==5203==    by 0xC5D5C6A: ??? (in /usr/lib/x86_64-linux-gnu/dri/i965_dri.so)
==5203==    by 0xC7BB362: ??? (in /usr/lib/x86_64-linux-gnu/dri/i965_dri.so)
==5203==    by 0xC6DF1F1: ??? (in /usr/lib/x86_64-linux-gnu/dri/i965_dri.so)
==5203==    by 0xC6F9077: ??? (in /usr/lib/x86_64-linux-gnu/dri/i965_dri.so)
==5203==    by 0xC6F95C0: ??? (in /usr/lib/x86_64-linux-gnu/dri/i965_dri.so)
==5203==    by 0xC7035DC: ??? (in /usr/lib/x86_64-linux-gnu/dri/i965_dri.so)
==5203==    by 0xC7038CF: ??? (in /usr/lib/x86_64-linux-gnu/dri/i965_dri.so)
==5203==    by 0x13943A: Backend::Render::Texture_OpenGL::SetData(unsigned char const*, unsigned int, unsigned int) (Texture.cpp:40)
==5203==    by 0x1392FD: Backend::Render::Texture_OpenGL::Texture_OpenGL(unsigned char const*, unsigned int, unsigned int) (Texture.cpp:18)
==5203== 
==5203== 40 bytes in 1 blocks are definitely lost in loss record 262 of 986
==5203==    at 0x4C3052A: operator new(unsigned long) (vg_replace_malloc.c:342)
==5203==    by 0x132F90: Backend::Render::Render_OpenGL::NewTexture(unsigned char const*, unsigned int, unsigned int) (Render.h:34)
==5203==    by 0x11182E: main (Main.cpp:117)
==5203== 
==5203== 48 bytes in 1 blocks are possibly lost in loss record 278 of 986
==5203==    at 0x4C3052A: operator new(unsigned long) (vg_replace_malloc.c:342)
==5203==    by 0xC8C3C39: ??? (in /usr/lib/x86_64-linux-gnu/dri/i965_dri.so)
==5203==    by 0xCC461C2: ??? (in /usr/lib/x86_64-linux-gnu/dri/i965_dri.so)
==5203==    by 0xC7B35F6: ??? (in /usr/lib/x86_64-linux-gnu/dri/i965_dri.so)
==5203==    by 0xC710904: ??? (in /usr/lib/x86_64-linux-gnu/dri/i965_dri.so)
==5203==    by 0x13A204: Backend::Render::Shader_OpenGL::CompileSource(std::__cxx11::basic_string<char, std::char_traits<char>, std::allocator<char> >, unsigned int*, unsigned int) (Shader.cpp:19)
==5203==    by 0x13A37A: Backend::Render::Shader_OpenGL::CompileShader(std::__cxx11::basic_string<char, std::char_traits<char>, std::allocator<char> >, std::__cxx11::basic_string<char, std::char_traits<char>, std::allocator<char> >) (Shader.cpp:46)
==5203==    by 0x13AA3B: Backend::Render::Shader_OpenGL::Shader_OpenGL(Backend::Render::ShaderFile const&) (Shader.cpp:130)
==5203==    by 0x13313C: Backend::Render::Render_OpenGL::NewShader(Backend::Render::ShaderFile const&) (Render.h:49)
==5203==    by 0x1116B9: main (Main.cpp:97)
==5203== 
==5203== 48 bytes in 1 blocks are possibly lost in loss record 279 of 986
==5203==    at 0x4C2FECB: malloc (vg_replace_malloc.c:307)
==5203==    by 0xCD2EA60: ??? (in /usr/lib/x86_64-linux-gnu/dri/i965_dri.so)
==5203==    by 0xC8C3C8F: ??? (in /usr/lib/x86_64-linux-gnu/dri/i965_dri.so)
==5203==    by 0xCC461C2: ??? (in /usr/lib/x86_64-linux-gnu/dri/i965_dri.so)
==5203==    by 0xC7B35F6: ??? (in /usr/lib/x86_64-linux-gnu/dri/i965_dri.so)
==5203==    by 0xC710904: ??? (in /usr/lib/x86_64-linux-gnu/dri/i965_dri.so)
==5203==    by 0x13A204: Backend::Render::Shader_OpenGL::CompileSource(std::__cxx11::basic_string<char, std::char_traits<char>, std::allocator<char> >, unsigned int*, unsigned int) (Shader.cpp:19)
==5203==    by 0x13A37A: Backend::Render::Shader_OpenGL::CompileShader(std::__cxx11::basic_string<char, std::char_traits<char>, std::allocator<char> >, std::__cxx11::basic_string<char, std::char_traits<char>, std::allocator<char> >) (Shader.cpp:46)
==5203==    by 0x13AA3B: Backend::Render::Shader_OpenGL::Shader_OpenGL(Backend::Render::ShaderFile const&) (Shader.cpp:130)
==5203==    by 0x13313C: Backend::Render::Render_OpenGL::NewShader(Backend::Render::ShaderFile const&) (Render.h:49)
==5203==    by 0x1116B9: main (Main.cpp:97)
==5203== 
==5203== 48 bytes in 1 blocks are possibly lost in loss record 280 of 986
==5203==    at 0x4C3052A: operator new(unsigned long) (vg_replace_malloc.c:342)
==5203==    by 0xC8C3C39: ??? (in /usr/lib/x86_64-linux-gnu/dri/i965_dri.so)
==5203==    by 0xC5D5C45: ??? (in /usr/lib/x86_64-linux-gnu/dri/i965_dri.so)
==5203==    by 0xC7BB362: ??? (in /usr/lib/x86_64-linux-gnu/dri/i965_dri.so)
==5203==    by 0xC6DF1F1: ??? (in /usr/lib/x86_64-linux-gnu/dri/i965_dri.so)
==5203==    by 0xC6F9077: ??? (in /usr/lib/x86_64-linux-gnu/dri/i965_dri.so)
==5203==    by 0xC6F95C0: ??? (in /usr/lib/x86_64-linux-gnu/dri/i965_dri.so)
==5203==    by 0xC7035DC: ??? (in /usr/lib/x86_64-linux-gnu/dri/i965_dri.so)
==5203==    by 0xC7038CF: ??? (in /usr/lib/x86_64-linux-gnu/dri/i965_dri.so)
==5203==    by 0x13943A: Backend::Render::Texture_OpenGL::SetData(unsigned char const*, unsigned int, unsigned int) (Texture.cpp:40)
==5203==    by 0x1392FD: Backend::Render::Texture_OpenGL::Texture_OpenGL(unsigned char const*, unsigned int, unsigned int) (Texture.cpp:18)
==5203==    by 0x132FA8: Backend::Render::Render_OpenGL::NewTexture(unsigned char const*, unsigned int, unsigned int) (Render.h:34)
==5203== 
==5203== 48 bytes in 1 blocks are possibly lost in loss record 281 of 986
==5203==    at 0x4C2FECB: malloc (vg_replace_malloc.c:307)
==5203==    by 0xCD2EA60: ??? (in /usr/lib/x86_64-linux-gnu/dri/i965_dri.so)
==5203==    by 0xC8C3C8F: ??? (in /usr/lib/x86_64-linux-gnu/dri/i965_dri.so)
==5203==    by 0xC5D5C45: ??? (in /usr/lib/x86_64-linux-gnu/dri/i965_dri.so)
==5203==    by 0xC7BB362: ??? (in /usr/lib/x86_64-linux-gnu/dri/i965_dri.so)
==5203==    by 0xC6DF1F1: ??? (in /usr/lib/x86_64-linux-gnu/dri/i965_dri.so)
==5203==    by 0xC6F9077: ??? (in /usr/lib/x86_64-linux-gnu/dri/i965_dri.so)
==5203==    by 0xC6F95C0: ??? (in /usr/lib/x86_64-linux-gnu/dri/i965_dri.so)
==5203==    by 0xC7035DC: ??? (in /usr/lib/x86_64-linux-gnu/dri/i965_dri.so)
==5203==    by 0xC7038CF: ??? (in /usr/lib/x86_64-linux-gnu/dri/i965_dri.so)
==5203==    by 0x13943A: Backend::Render::Texture_OpenGL::SetData(unsigned char const*, unsigned int, unsigned int) (Texture.cpp:40)
==5203==    by 0x1392FD: Backend::Render::Texture_OpenGL::Texture_OpenGL(unsigned char const*, unsigned int, unsigned int) (Texture.cpp:18)
==5203== 
==5203== 48 bytes in 1 blocks are possibly lost in loss record 282 of 986
==5203==    at 0x4C3052A: operator new(unsigned long) (vg_replace_malloc.c:342)
==5203==    by 0xC8C3C39: ??? (in /usr/lib/x86_64-linux-gnu/dri/i965_dri.so)
==5203==    by 0xC5D5C6A: ??? (in /usr/lib/x86_64-linux-gnu/dri/i965_dri.so)
==5203==    by 0xC7BB362: ??? (in /usr/lib/x86_64-linux-gnu/dri/i965_dri.so)
==5203==    by 0xC6DF1F1: ??? (in /usr/lib/x86_64-linux-gnu/dri/i965_dri.so)
==5203==    by 0xC6F9077: ??? (in /usr/lib/x86_64-linux-gnu/dri/i965_dri.so)
==5203==    by 0xC6F95C0: ??? (in /usr/lib/x86_64-linux-gnu/dri/i965_dri.so)
==5203==    by 0xC7035DC: ??? (in /usr/lib/x86_64-linux-gnu/dri/i965_dri.so)
==5203==    by 0xC7038CF: ??? (in /usr/lib/x86_64-linux-gnu/dri/i965_dri.so)
==5203==    by 0x13943A: Backend::Render::Texture_OpenGL::SetData(unsigned char const*, unsigned int, unsigned int) (Texture.cpp:40)
==5203==    by 0x1392FD: Backend::Render::Texture_OpenGL::Texture_OpenGL(unsigned char const*, unsigned int, unsigned int) (Texture.cpp:18)
==5203==    by 0x132FA8: Backend::Render::Render_OpenGL::NewTexture(unsigned char const*, unsigned int, unsigned int) (Render.h:34)
==5203== 
==5203== 48 bytes in 1 blocks are possibly lost in loss record 283 of 986
==5203==    at 0x4C2FECB: malloc (vg_replace_malloc.c:307)
==5203==    by 0xCD2EA60: ??? (in /usr/lib/x86_64-linux-gnu/dri/i965_dri.so)
==5203==    by 0xC8C3C8F: ??? (in /usr/lib/x86_64-linux-gnu/dri/i965_dri.so)
==5203==    by 0xC5D5C6A: ??? (in /usr/lib/x86_64-linux-gnu/dri/i965_dri.so)
==5203==    by 0xC7BB362: ??? (in /usr/lib/x86_64-linux-gnu/dri/i965_dri.so)
==5203==    by 0xC6DF1F1: ??? (in /usr/lib/x86_64-linux-gnu/dri/i965_dri.so)
==5203==    by 0xC6F9077: ??? (in /usr/lib/x86_64-linux-gnu/dri/i965_dri.so)
==5203==    by 0xC6F95C0: ??? (in /usr/lib/x86_64-linux-gnu/dri/i965_dri.so)
==5203==    by 0xC7035DC: ??? (in /usr/lib/x86_64-linux-gnu/dri/i965_dri.so)
==5203==    by 0xC7038CF: ??? (in /usr/lib/x86_64-linux-gnu/dri/i965_dri.so)
==5203==    by 0x13943A: Backend::Render::Texture_OpenGL::SetData(unsigned char const*, unsigned int, unsigned int) (Texture.cpp:40)
==5203==    by 0x1392FD: Backend::Render::Texture_OpenGL::Texture_OpenGL(unsigned char const*, unsigned int, unsigned int) (Texture.cpp:18)
==5203== 
==5203== 48 bytes in 1 blocks are possibly lost in loss record 284 of 986
==5203==    at 0x4C3052A: operator new(unsigned long) (vg_replace_malloc.c:342)
==5203==    by 0xC8C3C39: ??? (in /usr/lib/x86_64-linux-gnu/dri/i965_dri.so)
==5203==    by 0xC5D5E39: ??? (in /usr/lib/x86_64-linux-gnu/dri/i965_dri.so)
==5203==    by 0xC7BB362: ??? (in /usr/lib/x86_64-linux-gnu/dri/i965_dri.so)
==5203==    by 0xC6DF1F1: ??? (in /usr/lib/x86_64-linux-gnu/dri/i965_dri.so)
==5203==    by 0xC6F9077: ??? (in /usr/lib/x86_64-linux-gnu/dri/i965_dri.so)
==5203==    by 0xC6F95C0: ??? (in /usr/lib/x86_64-linux-gnu/dri/i965_dri.so)
==5203==    by 0xC7035DC: ??? (in /usr/lib/x86_64-linux-gnu/dri/i965_dri.so)
==5203==    by 0xC7038CF: ??? (in /usr/lib/x86_64-linux-gnu/dri/i965_dri.so)
==5203==    by 0x13943A: Backend::Render::Texture_OpenGL::SetData(unsigned char const*, unsigned int, unsigned int) (Texture.cpp:40)
==5203==    by 0x1392FD: Backend::Render::Texture_OpenGL::Texture_OpenGL(unsigned char const*, unsigned int, unsigned int) (Texture.cpp:18)
==5203==    by 0x132FA8: Backend::Render::Render_OpenGL::NewTexture(unsigned char const*, unsigned int, unsigned int) (Render.h:34)
==5203== 
==5203== 48 bytes in 1 blocks are possibly lost in loss record 285 of 986
==5203==    at 0x4C2FECB: malloc (vg_replace_malloc.c:307)
==5203==    by 0xCD2EA60: ??? (in /usr/lib/x86_64-linux-gnu/dri/i965_dri.so)
==5203==    by 0xC8C3C8F: ??? (in /usr/lib/x86_64-linux-gnu/dri/i965_dri.so)
==5203==    by 0xC5D5E39: ??? (in /usr/lib/x86_64-linux-gnu/dri/i965_dri.so)
==5203==    by 0xC7BB362: ??? (in /usr/lib/x86_64-linux-gnu/dri/i965_dri.so)
==5203==    by 0xC6DF1F1: ??? (in /usr/lib/x86_64-linux-gnu/dri/i965_dri.so)
==5203==    by 0xC6F9077: ??? (in /usr/lib/x86_64-linux-gnu/dri/i965_dri.so)
==5203==    by 0xC6F95C0: ??? (in /usr/lib/x86_64-linux-gnu/dri/i965_dri.so)
==5203==    by 0xC7035DC: ??? (in /usr/lib/x86_64-linux-gnu/dri/i965_dri.so)
==5203==    by 0xC7038CF: ??? (in /usr/lib/x86_64-linux-gnu/dri/i965_dri.so)
==5203==    by 0x13943A: Backend::Render::Texture_OpenGL::SetData(unsigned char const*, unsigned int, unsigned int) (Texture.cpp:40)
==5203==    by 0x1392FD: Backend::Render::Texture_OpenGL::Texture_OpenGL(unsigned char const*, unsigned int, unsigned int) (Texture.cpp:18)
==5203== 
==5203== 48 bytes in 1 blocks are possibly lost in loss record 286 of 986
==5203==    at 0x4C3052A: operator new(unsigned long) (vg_replace_malloc.c:342)
==5203==    by 0xC8C3C39: ??? (in /usr/lib/x86_64-linux-gnu/dri/i965_dri.so)
==5203==    by 0xC5D5EA3: ??? (in /usr/lib/x86_64-linux-gnu/dri/i965_dri.so)
==5203==    by 0xC7BB362: ??? (in /usr/lib/x86_64-linux-gnu/dri/i965_dri.so)
==5203==    by 0xC6DF1F1: ??? (in /usr/lib/x86_64-linux-gnu/dri/i965_dri.so)
==5203==    by 0xC6F9077: ??? (in /usr/lib/x86_64-linux-gnu/dri/i965_dri.so)
==5203==    by 0xC6F95C0: ??? (in /usr/lib/x86_64-linux-gnu/dri/i965_dri.so)
==5203==    by 0xC7035DC: ??? (in /usr/lib/x86_64-linux-gnu/dri/i965_dri.so)
==5203==    by 0xC7038CF: ??? (in /usr/lib/x86_64-linux-gnu/dri/i965_dri.so)
==5203==    by 0x13943A: Backend::Render::Texture_OpenGL::SetData(unsigned char const*, unsigned int, unsigned int) (Texture.cpp:40)
==5203==    by 0x1392FD: Backend::Render::Texture_OpenGL::Texture_OpenGL(unsigned char const*, unsigned int, unsigned int) (Texture.cpp:18)
==5203==    by 0x132FA8: Backend::Render::Render_OpenGL::NewTexture(unsigned char const*, unsigned int, unsigned int) (Render.h:34)
==5203== 
==5203== 48 bytes in 1 blocks are possibly lost in loss record 287 of 986
==5203==    at 0x4C2FECB: malloc (vg_replace_malloc.c:307)
==5203==    by 0xCD2EA60: ??? (in /usr/lib/x86_64-linux-gnu/dri/i965_dri.so)
==5203==    by 0xC8C3C8F: ??? (in /usr/lib/x86_64-linux-gnu/dri/i965_dri.so)
==5203==    by 0xC5D5EA3: ??? (in /usr/lib/x86_64-linux-gnu/dri/i965_dri.so)
==5203==    by 0xC7BB362: ??? (in /usr/lib/x86_64-linux-gnu/dri/i965_dri.so)
==5203==    by 0xC6DF1F1: ??? (in /usr/lib/x86_64-linux-gnu/dri/i965_dri.so)
==5203==    by 0xC6F9077: ??? (in /usr/lib/x86_64-linux-gnu/dri/i965_dri.so)
==5203==    by 0xC6F95C0: ??? (in /usr/lib/x86_64-linux-gnu/dri/i965_dri.so)
==5203==    by 0xC7035DC: ??? (in /usr/lib/x86_64-linux-gnu/dri/i965_dri.so)
==5203==    by 0xC7038CF: ??? (in /usr/lib/x86_64-linux-gnu/dri/i965_dri.so)
==5203==    by 0x13943A: Backend::Render::Texture_OpenGL::SetData(unsigned char const*, unsigned int, unsigned int) (Texture.cpp:40)
==5203==    by 0x1392FD: Backend::Render::Texture_OpenGL::Texture_OpenGL(unsigned char const*, unsigned int, unsigned int) (Texture.cpp:18)
==5203== 
==5203== 48 bytes in 1 blocks are possibly lost in loss record 288 of 986
==5203==    at 0x4C3052A: operator new(unsigned long) (vg_replace_malloc.c:342)
==5203==    by 0xC8C3C39: ??? (in /usr/lib/x86_64-linux-gnu/dri/i965_dri.so)
==5203==    by 0xC5D5F40: ??? (in /usr/lib/x86_64-linux-gnu/dri/i965_dri.so)
==5203==    by 0xC7BB362: ??? (in /usr/lib/x86_64-linux-gnu/dri/i965_dri.so)
==5203==    by 0xC6DF1F1: ??? (in /usr/lib/x86_64-linux-gnu/dri/i965_dri.so)
==5203==    by 0xC6F9077: ??? (in /usr/lib/x86_64-linux-gnu/dri/i965_dri.so)
==5203==    by 0xC6F95C0: ??? (in /usr/lib/x86_64-linux-gnu/dri/i965_dri.so)
==5203==    by 0xC7035DC: ??? (in /usr/lib/x86_64-linux-gnu/dri/i965_dri.so)
==5203==    by 0xC7038CF: ??? (in /usr/lib/x86_64-linux-gnu/dri/i965_dri.so)
==5203==    by 0x13943A: Backend::Render::Texture_OpenGL::SetData(unsigned char const*, unsigned int, unsigned int) (Texture.cpp:40)
==5203==    by 0x1392FD: Backend::Render::Texture_OpenGL::Texture_OpenGL(unsigned char const*, unsigned int, unsigned int) (Texture.cpp:18)
==5203==    by 0x132FA8: Backend::Render::Render_OpenGL::NewTexture(unsigned char const*, unsigned int, unsigned int) (Render.h:34)
==5203== 
==5203== 48 bytes in 1 blocks are possibly lost in loss record 289 of 986
==5203==    at 0x4C2FECB: malloc (vg_replace_malloc.c:307)
==5203==    by 0xCD2EA60: ??? (in /usr/lib/x86_64-linux-gnu/dri/i965_dri.so)
==5203==    by 0xC8C3C8F: ??? (in /usr/lib/x86_64-linux-gnu/dri/i965_dri.so)
==5203==    by 0xC5D5F40: ??? (in /usr/lib/x86_64-linux-gnu/dri/i965_dri.so)
==5203==    by 0xC7BB362: ??? (in /usr/lib/x86_64-linux-gnu/dri/i965_dri.so)
==5203==    by 0xC6DF1F1: ??? (in /usr/lib/x86_64-linux-gnu/dri/i965_dri.so)
==5203==    by 0xC6F9077: ??? (in /usr/lib/x86_64-linux-gnu/dri/i965_dri.so)
==5203==    by 0xC6F95C0: ??? (in /usr/lib/x86_64-linux-gnu/dri/i965_dri.so)
==5203==    by 0xC7035DC: ??? (in /usr/lib/x86_64-linux-gnu/dri/i965_dri.so)
==5203==    by 0xC7038CF: ??? (in /usr/lib/x86_64-linux-gnu/dri/i965_dri.so)
==5203==    by 0x13943A: Backend::Render::Texture_OpenGL::SetData(unsigned char const*, unsigned int, unsigned int) (Texture.cpp:40)
==5203==    by 0x1392FD: Backend::Render::Texture_OpenGL::Texture_OpenGL(unsigned char const*, unsigned int, unsigned int) (Texture.cpp:18)
==5203== 
==5203== 48 bytes in 1 blocks are possibly lost in loss record 290 of 986
==5203==    at 0x4C3052A: operator new(unsigned long) (vg_replace_malloc.c:342)
==5203==    by 0xC8C3C39: ??? (in /usr/lib/x86_64-linux-gnu/dri/i965_dri.so)
==5203==    by 0xC5D5FB8: ??? (in /usr/lib/x86_64-linux-gnu/dri/i965_dri.so)
==5203==    by 0xC7BB362: ??? (in /usr/lib/x86_64-linux-gnu/dri/i965_dri.so)
==5203==    by 0xC6DF1F1: ??? (in /usr/lib/x86_64-linux-gnu/dri/i965_dri.so)
==5203==    by 0xC6F9077: ??? (in /usr/lib/x86_64-linux-gnu/dri/i965_dri.so)
==5203==    by 0xC6F95C0: ??? (in /usr/lib/x86_64-linux-gnu/dri/i965_dri.so)
==5203==    by 0xC7035DC: ??? (in /usr/lib/x86_64-linux-gnu/dri/i965_dri.so)
==5203==    by 0xC7038CF: ??? (in /usr/lib/x86_64-linux-gnu/dri/i965_dri.so)
==5203==    by 0x13943A: Backend::Render::Texture_OpenGL::SetData(unsigned char const*, unsigned int, unsigned int) (Texture.cpp:40)
==5203==    by 0x1392FD: Backend::Render::Texture_OpenGL::Texture_OpenGL(unsigned char const*, unsigned int, unsigned int) (Texture.cpp:18)
==5203==    by 0x132FA8: Backend::Render::Render_OpenGL::NewTexture(unsigned char const*, unsigned int, unsigned int) (Render.h:34)
==5203== 
==5203== 48 bytes in 1 blocks are possibly lost in loss record 291 of 986
==5203==    at 0x4C2FECB: malloc (vg_replace_malloc.c:307)
==5203==    by 0xCD2EA60: ??? (in /usr/lib/x86_64-linux-gnu/dri/i965_dri.so)
==5203==    by 0xC8C3C8F: ??? (in /usr/lib/x86_64-linux-gnu/dri/i965_dri.so)
==5203==    by 0xC5D5FB8: ??? (in /usr/lib/x86_64-linux-gnu/dri/i965_dri.so)
==5203==    by 0xC7BB362: ??? (in /usr/lib/x86_64-linux-gnu/dri/i965_dri.so)
==5203==    by 0xC6DF1F1: ??? (in /usr/lib/x86_64-linux-gnu/dri/i965_dri.so)
==5203==    by 0xC6F9077: ??? (in /usr/lib/x86_64-linux-gnu/dri/i965_dri.so)
==5203==    by 0xC6F95C0: ??? (in /usr/lib/x86_64-linux-gnu/dri/i965_dri.so)
==5203==    by 0xC7035DC: ??? (in /usr/lib/x86_64-linux-gnu/dri/i965_dri.so)
==5203==    by 0xC7038CF: ??? (in /usr/lib/x86_64-linux-gnu/dri/i965_dri.so)
==5203==    by 0x13943A: Backend::Render::Texture_OpenGL::SetData(unsigned char const*, unsigned int, unsigned int) (Texture.cpp:40)
==5203==    by 0x1392FD: Backend::Render::Texture_OpenGL::Texture_OpenGL(unsigned char const*, unsigned int, unsigned int) (Texture.cpp:18)
==5203== 
==5203== 48 bytes in 1 blocks are possibly lost in loss record 292 of 986
==5203==    at 0x4C3052A: operator new(unsigned long) (vg_replace_malloc.c:342)
==5203==    by 0xC8C3C39: ??? (in /usr/lib/x86_64-linux-gnu/dri/i965_dri.so)
==5203==    by 0xC5D6C15: ??? (in /usr/lib/x86_64-linux-gnu/dri/i965_dri.so)
==5203==    by 0xC7BB362: ??? (in /usr/lib/x86_64-linux-gnu/dri/i965_dri.so)
==5203==    by 0xC6DF1F1: ??? (in /usr/lib/x86_64-linux-gnu/dri/i965_dri.so)
==5203==    by 0xC6F9077: ??? (in /usr/lib/x86_64-linux-gnu/dri/i965_dri.so)
==5203==    by 0xC6F95C0: ??? (in /usr/lib/x86_64-linux-gnu/dri/i965_dri.so)
==5203==    by 0xC7035DC: ??? (in /usr/lib/x86_64-linux-gnu/dri/i965_dri.so)
==5203==    by 0xC7038CF: ??? (in /usr/lib/x86_64-linux-gnu/dri/i965_dri.so)
==5203==    by 0x13943A: Backend::Render::Texture_OpenGL::SetData(unsigned char const*, unsigned int, unsigned int) (Texture.cpp:40)
==5203==    by 0x1392FD: Backend::Render::Texture_OpenGL::Texture_OpenGL(unsigned char const*, unsigned int, unsigned int) (Texture.cpp:18)
==5203==    by 0x132FA8: Backend::Render::Render_OpenGL::NewTexture(unsigned char const*, unsigned int, unsigned int) (Render.h:34)
==5203== 
==5203== 48 bytes in 1 blocks are possibly lost in loss record 293 of 986
==5203==    at 0x4C2FECB: malloc (vg_replace_malloc.c:307)
==5203==    by 0xCD2EA60: ??? (in /usr/lib/x86_64-linux-gnu/dri/i965_dri.so)
==5203==    by 0xC8C3C8F: ??? (in /usr/lib/x86_64-linux-gnu/dri/i965_dri.so)
==5203==    by 0xC5D6C15: ??? (in /usr/lib/x86_64-linux-gnu/dri/i965_dri.so)
==5203==    by 0xC7BB362: ??? (in /usr/lib/x86_64-linux-gnu/dri/i965_dri.so)
==5203==    by 0xC6DF1F1: ??? (in /usr/lib/x86_64-linux-gnu/dri/i965_dri.so)
==5203==    by 0xC6F9077: ??? (in /usr/lib/x86_64-linux-gnu/dri/i965_dri.so)
==5203==    by 0xC6F95C0: ??? (in /usr/lib/x86_64-linux-gnu/dri/i965_dri.so)
==5203==    by 0xC7035DC: ??? (in /usr/lib/x86_64-linux-gnu/dri/i965_dri.so)
==5203==    by 0xC7038CF: ??? (in /usr/lib/x86_64-linux-gnu/dri/i965_dri.so)
==5203==    by 0x13943A: Backend::Render::Texture_OpenGL::SetData(unsigned char const*, unsigned int, unsigned int) (Texture.cpp:40)
==5203==    by 0x1392FD: Backend::Render::Texture_OpenGL::Texture_OpenGL(unsigned char const*, unsigned int, unsigned int) (Texture.cpp:18)
==5203== 
==5203== 48 bytes in 1 blocks are possibly lost in loss record 294 of 986
==5203==    at 0x4C3052A: operator new(unsigned long) (vg_replace_malloc.c:342)
==5203==    by 0xC8C3C39: ??? (in /usr/lib/x86_64-linux-gnu/dri/i965_dri.so)
==5203==    by 0xC4C0408: ??? (in /usr/lib/x86_64-linux-gnu/dri/i965_dri.so)
==5203==    by 0xC5DC270: ??? (in /usr/lib/x86_64-linux-gnu/dri/i965_dri.so)
==5203==    by 0xC79DD0A: ??? (in /usr/lib/x86_64-linux-gnu/dri/i965_dri.so)
==5203==    by 0xC7BB513: ??? (in /usr/lib/x86_64-linux-gnu/dri/i965_dri.so)
==5203==    by 0xC6DF1F1: ??? (in /usr/lib/x86_64-linux-gnu/dri/i965_dri.so)
==5203==    by 0xC6F9077: ??? (in /usr/lib/x86_64-linux-gnu/dri/i965_dri.so)
==5203==    by 0xC6F95C0: ??? (in /usr/lib/x86_64-linux-gnu/dri/i965_dri.so)
==5203==    by 0xC7035DC: ??? (in /usr/lib/x86_64-linux-gnu/dri/i965_dri.so)
==5203==    by 0xC7038CF: ??? (in /usr/lib/x86_64-linux-gnu/dri/i965_dri.so)
==5203==    by 0x13943A: Backend::Render::Texture_OpenGL::SetData(unsigned char const*, unsigned int, unsigned int) (Texture.cpp:40)
==5203== 
==5203== 48 bytes in 1 blocks are possibly lost in loss record 295 of 986
==5203==    at 0x4C2FECB: malloc (vg_replace_malloc.c:307)
==5203==    by 0xCD2EA60: ??? (in /usr/lib/x86_64-linux-gnu/dri/i965_dri.so)
==5203==    by 0xC8C3C8F: ??? (in /usr/lib/x86_64-linux-gnu/dri/i965_dri.so)
==5203==    by 0xC4C0408: ??? (in /usr/lib/x86_64-linux-gnu/dri/i965_dri.so)
==5203==    by 0xC5DC270: ??? (in /usr/lib/x86_64-linux-gnu/dri/i965_dri.so)
==5203==    by 0xC79DD0A: ??? (in /usr/lib/x86_64-linux-gnu/dri/i965_dri.so)
==5203==    by 0xC7BB513: ??? (in /usr/lib/x86_64-linux-gnu/dri/i965_dri.so)
==5203==    by 0xC6DF1F1: ??? (in /usr/lib/x86_64-linux-gnu/dri/i965_dri.so)
==5203==    by 0xC6F9077: ??? (in /usr/lib/x86_64-linux-gnu/dri/i965_dri.so)
==5203==    by 0xC6F95C0: ??? (in /usr/lib/x86_64-linux-gnu/dri/i965_dri.so)
==5203==    by 0xC7035DC: ??? (in /usr/lib/x86_64-linux-gnu/dri/i965_dri.so)
==5203==    by 0xC7038CF: ??? (in /usr/lib/x86_64-linux-gnu/dri/i965_dri.so)
==5203== 
==5203== 48 bytes in 1 blocks are possibly lost in loss record 296 of 986
==5203==    at 0x4C3052A: operator new(unsigned long) (vg_replace_malloc.c:342)
==5203==    by 0xC8C3C39: ??? (in /usr/lib/x86_64-linux-gnu/dri/i965_dri.so)
==5203==    by 0xC92396D: ??? (in /usr/lib/x86_64-linux-gnu/dri/i965_dri.so)
==5203==    by 0xCCD9C3A: ??? (in /usr/lib/x86_64-linux-gnu/dri/i965_dri.so)
==5203==    by 0xC4F7DF1: ??? (in /usr/lib/x86_64-linux-gnu/dri/i965_dri.so)
==5203==    by 0xC74C6E6: ??? (in /usr/lib/x86_64-linux-gnu/dri/i965_dri.so)
==5203==    by 0xC6DF18C: ??? (in /usr/lib/x86_64-linux-gnu/dri/i965_dri.so)
==5203==    by 0xC6F9077: ??? (in /usr/lib/x86_64-linux-gnu/dri/i965_dri.so)
==5203==    by 0xC6F95C0: ??? (in /usr/lib/x86_64-linux-gnu/dri/i965_dri.so)
==5203==    by 0xC7035DC: ??? (in /usr/lib/x86_64-linux-gnu/dri/i965_dri.so)
==5203==    by 0xC7038CF: ??? (in /usr/lib/x86_64-linux-gnu/dri/i965_dri.so)
==5203==    by 0x13943A: Backend::Render::Texture_OpenGL::SetData(unsigned char const*, unsigned int, unsigned int) (Texture.cpp:40)
==5203== 
==5203== 48 bytes in 1 blocks are possibly lost in loss record 297 of 986
==5203==    at 0x4C2FECB: malloc (vg_replace_malloc.c:307)
==5203==    by 0xCD2EA60: ??? (in /usr/lib/x86_64-linux-gnu/dri/i965_dri.so)
==5203==    by 0xC8C3C8F: ??? (in /usr/lib/x86_64-linux-gnu/dri/i965_dri.so)
==5203==    by 0xC92396D: ??? (in /usr/lib/x86_64-linux-gnu/dri/i965_dri.so)
==5203==    by 0xCCD9C3A: ??? (in /usr/lib/x86_64-linux-gnu/dri/i965_dri.so)
==5203==    by 0xC4F7DF1: ??? (in /usr/lib/x86_64-linux-gnu/dri/i965_dri.so)
==5203==    by 0xC74C6E6: ??? (in /usr/lib/x86_64-linux-gnu/dri/i965_dri.so)
==5203==    by 0xC6DF18C: ??? (in /usr/lib/x86_64-linux-gnu/dri/i965_dri.so)
==5203==    by 0xC6F9077: ??? (in /usr/lib/x86_64-linux-gnu/dri/i965_dri.so)
==5203==    by 0xC6F95C0: ??? (in /usr/lib/x86_64-linux-gnu/dri/i965_dri.so)
==5203==    by 0xC7035DC: ??? (in /usr/lib/x86_64-linux-gnu/dri/i965_dri.so)
==5203==    by 0xC7038CF: ??? (in /usr/lib/x86_64-linux-gnu/dri/i965_dri.so)
==5203== 
==5203== 48 bytes in 1 blocks are definitely lost in loss record 316 of 986
==5203==    at 0x4C2FECB: malloc (vg_replace_malloc.c:307)
==5203==    by 0xCD2EA60: ??? (in /usr/lib/x86_64-linux-gnu/dri/i965_dri.so)
==5203==    by 0xCD2FFD8: ??? (in /usr/lib/x86_64-linux-gnu/dri/i965_dri.so)
==5203==    by 0xC4EB02F: ??? (in /usr/lib/x86_64-linux-gnu/dri/i965_dri.so)
==5203==    by 0xC51A9B5: ??? (in /usr/lib/x86_64-linux-gnu/dri/i965_dri.so)
==5203==    by 0xC51AD5C: ??? (in /usr/lib/x86_64-linux-gnu/dri/i965_dri.so)
==5203==    by 0xC51AF8E: ??? (in /usr/lib/x86_64-linux-gnu/dri/i965_dri.so)
==5203==    by 0xC528099: ??? (in /usr/lib/x86_64-linux-gnu/dri/i965_dri.so)
==5203==    by 0xC75D272: ??? (in /usr/lib/x86_64-linux-gnu/dri/i965_dri.so)
==5203==    by 0xC75DF4D: ??? (in /usr/lib/x86_64-linux-gnu/dri/i965_dri.so)
==5203==    by 0x139FFA: Backend::Render::Mesh_OpenGL::Draw() (Mesh.cpp:134)
==5203==    by 0x112130: main (Main.cpp:192)
==5203== 
==5203== 48 bytes in 1 blocks are definitely lost in loss record 317 of 986
==5203==    at 0x4C2FECB: malloc (vg_replace_malloc.c:307)
==5203==    by 0xCD2EA60: ??? (in /usr/lib/x86_64-linux-gnu/dri/i965_dri.so)
==5203==    by 0xCD2FFD8: ??? (in /usr/lib/x86_64-linux-gnu/dri/i965_dri.so)
==5203==    by 0xC4EB007: ??? (in /usr/lib/x86_64-linux-gnu/dri/i965_dri.so)
==5203==    by 0xC51A9B5: ??? (in /usr/lib/x86_64-linux-gnu/dri/i965_dri.so)
==5203==    by 0xC51AD5C: ??? (in /usr/lib/x86_64-linux-gnu/dri/i965_dri.so)
==5203==    by 0xC51AE8E: ??? (in /usr/lib/x86_64-linux-gnu/dri/i965_dri.so)
==5203==    by 0xC528237: ??? (in /usr/lib/x86_64-linux-gnu/dri/i965_dri.so)
==5203==    by 0xC75D272: ??? (in /usr/lib/x86_64-linux-gnu/dri/i965_dri.so)
==5203==    by 0xC75DF4D: ??? (in /usr/lib/x86_64-linux-gnu/dri/i965_dri.so)
==5203==    by 0x139FFA: Backend::Render::Mesh_OpenGL::Draw() (Mesh.cpp:134)
==5203==    by 0x112130: main (Main.cpp:192)
==5203== 
==5203== 48 bytes in 1 blocks are definitely lost in loss record 318 of 986
==5203==    at 0x4C2FECB: malloc (vg_replace_malloc.c:307)
==5203==    by 0xCD2EA60: ??? (in /usr/lib/x86_64-linux-gnu/dri/i965_dri.so)
==5203==    by 0xCD2FFD8: ??? (in /usr/lib/x86_64-linux-gnu/dri/i965_dri.so)
==5203==    by 0xC4EB02F: ??? (in /usr/lib/x86_64-linux-gnu/dri/i965_dri.so)
==5203==    by 0xC51A9B5: ??? (in /usr/lib/x86_64-linux-gnu/dri/i965_dri.so)
==5203==    by 0xC51AD5C: ??? (in /usr/lib/x86_64-linux-gnu/dri/i965_dri.so)
==5203==    by 0xC51AE8E: ??? (in /usr/lib/x86_64-linux-gnu/dri/i965_dri.so)
==5203==    by 0xC528237: ??? (in /usr/lib/x86_64-linux-gnu/dri/i965_dri.so)
==5203==    by 0xC75D272: ??? (in /usr/lib/x86_64-linux-gnu/dri/i965_dri.so)
==5203==    by 0xC75DF4D: ??? (in /usr/lib/x86_64-linux-gnu/dri/i965_dri.so)
==5203==    by 0x139FFA: Backend::Render::Mesh_OpenGL::Draw() (Mesh.cpp:134)
==5203==    by 0x112130: main (Main.cpp:192)
==5203== 
==5203== 64 bytes in 1 blocks are definitely lost in loss record 417 of 986
==5203==    at 0x4C3052A: operator new(unsigned long) (vg_replace_malloc.c:342)
==5203==    by 0x13307F: Backend::Render::Render_OpenGL::NewMesh(std::vector<Backend::Render::Vertex, std::allocator<Backend::Render::Vertex> >, std::vector<unsigned int, std::allocator<unsigned int> >) (Render.h:44)
==5203==    by 0x11151E: main (Main.cpp:77)
==5203== 
==5203== 80 bytes in 1 blocks are possibly lost in loss record 421 of 986
==5203==    at 0x4C2FECB: malloc (vg_replace_malloc.c:307)
==5203==    by 0xCD2EA60: ??? (in /usr/lib/x86_64-linux-gnu/dri/i965_dri.so)
==5203==    by 0xC8C3C9E: ??? (in /usr/lib/x86_64-linux-gnu/dri/i965_dri.so)
==5203==    by 0xCC461C2: ??? (in /usr/lib/x86_64-linux-gnu/dri/i965_dri.so)
==5203==    by 0xC7B35F6: ??? (in /usr/lib/x86_64-linux-gnu/dri/i965_dri.so)
==5203==    by 0xC710904: ??? (in /usr/lib/x86_64-linux-gnu/dri/i965_dri.so)
==5203==    by 0x13A204: Backend::Render::Shader_OpenGL::CompileSource(std::__cxx11::basic_string<char, std::char_traits<char>, std::allocator<char> >, unsigned int*, unsigned int) (Shader.cpp:19)
==5203==    by 0x13A37A: Backend::Render::Shader_OpenGL::CompileShader(std::__cxx11::basic_string<char, std::char_traits<char>, std::allocator<char> >, std::__cxx11::basic_string<char, std::char_traits<char>, std::allocator<char> >) (Shader.cpp:46)
==5203==    by 0x13AA3B: Backend::Render::Shader_OpenGL::Shader_OpenGL(Backend::Render::ShaderFile const&) (Shader.cpp:130)
==5203==    by 0x13313C: Backend::Render::Render_OpenGL::NewShader(Backend::Render::ShaderFile const&) (Render.h:49)
==5203==    by 0x1116B9: main (Main.cpp:97)
==5203== 
==5203== 80 bytes in 1 blocks are possibly lost in loss record 422 of 986
==5203==    at 0x4C2FECB: malloc (vg_replace_malloc.c:307)
==5203==    by 0xCD2EA60: ??? (in /usr/lib/x86_64-linux-gnu/dri/i965_dri.so)
==5203==    by 0xC8C3C9E: ??? (in /usr/lib/x86_64-linux-gnu/dri/i965_dri.so)
==5203==    by 0xC5D5C45: ??? (in /usr/lib/x86_64-linux-gnu/dri/i965_dri.so)
==5203==    by 0xC7BB362: ??? (in /usr/lib/x86_64-linux-gnu/dri/i965_dri.so)
==5203==    by 0xC6DF1F1: ??? (in /usr/lib/x86_64-linux-gnu/dri/i965_dri.so)
==5203==    by 0xC6F9077: ??? (in /usr/lib/x86_64-linux-gnu/dri/i965_dri.so)
==5203==    by 0xC6F95C0: ??? (in /usr/lib/x86_64-linux-gnu/dri/i965_dri.so)
==5203==    by 0xC7035DC: ??? (in /usr/lib/x86_64-linux-gnu/dri/i965_dri.so)
==5203==    by 0xC7038CF: ??? (in /usr/lib/x86_64-linux-gnu/dri/i965_dri.so)
==5203==    by 0x13943A: Backend::Render::Texture_OpenGL::SetData(unsigned char const*, unsigned int, unsigned int) (Texture.cpp:40)
==5203==    by 0x1392FD: Backend::Render::Texture_OpenGL::Texture_OpenGL(unsigned char const*, unsigned int, unsigned int) (Texture.cpp:18)
==5203== 
==5203== 80 bytes in 1 blocks are possibly lost in loss record 423 of 986
==5203==    at 0x4C2FECB: malloc (vg_replace_malloc.c:307)
==5203==    by 0xCD2EA60: ??? (in /usr/lib/x86_64-linux-gnu/dri/i965_dri.so)
==5203==    by 0xC8C3C9E: ??? (in /usr/lib/x86_64-linux-gnu/dri/i965_dri.so)
==5203==    by 0xC5D5C6A: ??? (in /usr/lib/x86_64-linux-gnu/dri/i965_dri.so)
==5203==    by 0xC7BB362: ??? (in /usr/lib/x86_64-linux-gnu/dri/i965_dri.so)
==5203==    by 0xC6DF1F1: ??? (in /usr/lib/x86_64-linux-gnu/dri/i965_dri.so)
==5203==    by 0xC6F9077: ??? (in /usr/lib/x86_64-linux-gnu/dri/i965_dri.so)
==5203==    by 0xC6F95C0: ??? (in /usr/lib/x86_64-linux-gnu/dri/i965_dri.so)
==5203==    by 0xC7035DC: ??? (in /usr/lib/x86_64-linux-gnu/dri/i965_dri.so)
==5203==    by 0xC7038CF: ??? (in /usr/lib/x86_64-linux-gnu/dri/i965_dri.so)
==5203==    by 0x13943A: Backend::Render::Texture_OpenGL::SetData(unsigned char const*, unsigned int, unsigned int) (Texture.cpp:40)
==5203==    by 0x1392FD: Backend::Render::Texture_OpenGL::Texture_OpenGL(unsigned char const*, unsigned int, unsigned int) (Texture.cpp:18)
==5203== 
==5203== 80 bytes in 1 blocks are possibly lost in loss record 424 of 986
==5203==    at 0x4C2FECB: malloc (vg_replace_malloc.c:307)
==5203==    by 0xCD2EA60: ??? (in /usr/lib/x86_64-linux-gnu/dri/i965_dri.so)
==5203==    by 0xC8C3C9E: ??? (in /usr/lib/x86_64-linux-gnu/dri/i965_dri.so)
==5203==    by 0xC5D5E39: ??? (in /usr/lib/x86_64-linux-gnu/dri/i965_dri.so)
==5203==    by 0xC7BB362: ??? (in /usr/lib/x86_64-linux-gnu/dri/i965_dri.so)
==5203==    by 0xC6DF1F1: ??? (in /usr/lib/x86_64-linux-gnu/dri/i965_dri.so)
==5203==    by 0xC6F9077: ??? (in /usr/lib/x86_64-linux-gnu/dri/i965_dri.so)
==5203==    by 0xC6F95C0: ??? (in /usr/lib/x86_64-linux-gnu/dri/i965_dri.so)
==5203==    by 0xC7035DC: ??? (in /usr/lib/x86_64-linux-gnu/dri/i965_dri.so)
==5203==    by 0xC7038CF: ??? (in /usr/lib/x86_64-linux-gnu/dri/i965_dri.so)
==5203==    by 0x13943A: Backend::Render::Texture_OpenGL::SetData(unsigned char const*, unsigned int, unsigned int) (Texture.cpp:40)
==5203==    by 0x1392FD: Backend::Render::Texture_OpenGL::Texture_OpenGL(unsigned char const*, unsigned int, unsigned int) (Texture.cpp:18)
==5203== 
==5203== 80 bytes in 1 blocks are possibly lost in loss record 425 of 986
==5203==    at 0x4C2FECB: malloc (vg_replace_malloc.c:307)
==5203==    by 0xCD2EA60: ??? (in /usr/lib/x86_64-linux-gnu/dri/i965_dri.so)
==5203==    by 0xC8C3C9E: ??? (in /usr/lib/x86_64-linux-gnu/dri/i965_dri.so)
==5203==    by 0xC5D5EA3: ??? (in /usr/lib/x86_64-linux-gnu/dri/i965_dri.so)
==5203==    by 0xC7BB362: ??? (in /usr/lib/x86_64-linux-gnu/dri/i965_dri.so)
==5203==    by 0xC6DF1F1: ??? (in /usr/lib/x86_64-linux-gnu/dri/i965_dri.so)
==5203==    by 0xC6F9077: ??? (in /usr/lib/x86_64-linux-gnu/dri/i965_dri.so)
==5203==    by 0xC6F95C0: ??? (in /usr/lib/x86_64-linux-gnu/dri/i965_dri.so)
==5203==    by 0xC7035DC: ??? (in /usr/lib/x86_64-linux-gnu/dri/i965_dri.so)
==5203==    by 0xC7038CF: ??? (in /usr/lib/x86_64-linux-gnu/dri/i965_dri.so)
==5203==    by 0x13943A: Backend::Render::Texture_OpenGL::SetData(unsigned char const*, unsigned int, unsigned int) (Texture.cpp:40)
==5203==    by 0x1392FD: Backend::Render::Texture_OpenGL::Texture_OpenGL(unsigned char const*, unsigned int, unsigned int) (Texture.cpp:18)
==5203== 
==5203== 80 bytes in 1 blocks are possibly lost in loss record 426 of 986
==5203==    at 0x4C2FECB: malloc (vg_replace_malloc.c:307)
==5203==    by 0xCD2EA60: ??? (in /usr/lib/x86_64-linux-gnu/dri/i965_dri.so)
==5203==    by 0xC8C3C9E: ??? (in /usr/lib/x86_64-linux-gnu/dri/i965_dri.so)
==5203==    by 0xC5D5FB8: ??? (in /usr/lib/x86_64-linux-gnu/dri/i965_dri.so)
==5203==    by 0xC7BB362: ??? (in /usr/lib/x86_64-linux-gnu/dri/i965_dri.so)
==5203==    by 0xC6DF1F1: ??? (in /usr/lib/x86_64-linux-gnu/dri/i965_dri.so)
==5203==    by 0xC6F9077: ??? (in /usr/lib/x86_64-linux-gnu/dri/i965_dri.so)
==5203==    by 0xC6F95C0: ??? (in /usr/lib/x86_64-linux-gnu/dri/i965_dri.so)
==5203==    by 0xC7035DC: ??? (in /usr/lib/x86_64-linux-gnu/dri/i965_dri.so)
==5203==    by 0xC7038CF: ??? (in /usr/lib/x86_64-linux-gnu/dri/i965_dri.so)
==5203==    by 0x13943A: Backend::Render::Texture_OpenGL::SetData(unsigned char const*, unsigned int, unsigned int) (Texture.cpp:40)
==5203==    by 0x1392FD: Backend::Render::Texture_OpenGL::Texture_OpenGL(unsigned char const*, unsigned int, unsigned int) (Texture.cpp:18)
==5203== 
==5203== 80 bytes in 1 blocks are possibly lost in loss record 427 of 986
==5203==    at 0x4C2FECB: malloc (vg_replace_malloc.c:307)
==5203==    by 0xCD2EA60: ??? (in /usr/lib/x86_64-linux-gnu/dri/i965_dri.so)
==5203==    by 0xC8C3C9E: ??? (in /usr/lib/x86_64-linux-gnu/dri/i965_dri.so)
==5203==    by 0xC5D6C15: ??? (in /usr/lib/x86_64-linux-gnu/dri/i965_dri.so)
==5203==    by 0xC7BB362: ??? (in /usr/lib/x86_64-linux-gnu/dri/i965_dri.so)
==5203==    by 0xC6DF1F1: ??? (in /usr/lib/x86_64-linux-gnu/dri/i965_dri.so)
==5203==    by 0xC6F9077: ??? (in /usr/lib/x86_64-linux-gnu/dri/i965_dri.so)
==5203==    by 0xC6F95C0: ??? (in /usr/lib/x86_64-linux-gnu/dri/i965_dri.so)
==5203==    by 0xC7035DC: ??? (in /usr/lib/x86_64-linux-gnu/dri/i965_dri.so)
==5203==    by 0xC7038CF: ??? (in /usr/lib/x86_64-linux-gnu/dri/i965_dri.so)
==5203==    by 0x13943A: Backend::Render::Texture_OpenGL::SetData(unsigned char const*, unsigned int, unsigned int) (Texture.cpp:40)
==5203==    by 0x1392FD: Backend::Render::Texture_OpenGL::Texture_OpenGL(unsigned char const*, unsigned int, unsigned int) (Texture.cpp:18)
==5203== 
==5203== 80 bytes in 1 blocks are possibly lost in loss record 428 of 986
==5203==    at 0x4C2FECB: malloc (vg_replace_malloc.c:307)
==5203==    by 0xCD2EA60: ??? (in /usr/lib/x86_64-linux-gnu/dri/i965_dri.so)
==5203==    by 0xC8C3C9E: ??? (in /usr/lib/x86_64-linux-gnu/dri/i965_dri.so)
==5203==    by 0xC4C0408: ??? (in /usr/lib/x86_64-linux-gnu/dri/i965_dri.so)
==5203==    by 0xC5DC270: ??? (in /usr/lib/x86_64-linux-gnu/dri/i965_dri.so)
==5203==    by 0xC79DD0A: ??? (in /usr/lib/x86_64-linux-gnu/dri/i965_dri.so)
==5203==    by 0xC7BB513: ??? (in /usr/lib/x86_64-linux-gnu/dri/i965_dri.so)
==5203==    by 0xC6DF1F1: ??? (in /usr/lib/x86_64-linux-gnu/dri/i965_dri.so)
==5203==    by 0xC6F9077: ??? (in /usr/lib/x86_64-linux-gnu/dri/i965_dri.so)
==5203==    by 0xC6F95C0: ??? (in /usr/lib/x86_64-linux-gnu/dri/i965_dri.so)
==5203==    by 0xC7035DC: ??? (in /usr/lib/x86_64-linux-gnu/dri/i965_dri.so)
==5203==    by 0xC7038CF: ??? (in /usr/lib/x86_64-linux-gnu/dri/i965_dri.so)
==5203== 
==5203== 80 bytes in 1 blocks are possibly lost in loss record 429 of 986
==5203==    at 0x4C2FECB: malloc (vg_replace_malloc.c:307)
==5203==    by 0xCD2EA60: ??? (in /usr/lib/x86_64-linux-gnu/dri/i965_dri.so)
==5203==    by 0xC8C3C9E: ??? (in /usr/lib/x86_64-linux-gnu/dri/i965_dri.so)
==5203==    by 0xC92396D: ??? (in /usr/lib/x86_64-linux-gnu/dri/i965_dri.so)
==5203==    by 0xCCD9C3A: ??? (in /usr/lib/x86_64-linux-gnu/dri/i965_dri.so)
==5203==    by 0xC4F7DF1: ??? (in /usr/lib/x86_64-linux-gnu/dri/i965_dri.so)
==5203==    by 0xC74C6E6: ??? (in /usr/lib/x86_64-linux-gnu/dri/i965_dri.so)
==5203==    by 0xC6DF18C: ??? (in /usr/lib/x86_64-linux-gnu/dri/i965_dri.so)
==5203==    by 0xC6F9077: ??? (in /usr/lib/x86_64-linux-gnu/dri/i965_dri.so)
==5203==    by 0xC6F95C0: ??? (in /usr/lib/x86_64-linux-gnu/dri/i965_dri.so)
==5203==    by 0xC7035DC: ??? (in /usr/lib/x86_64-linux-gnu/dri/i965_dri.so)
==5203==    by 0xC7038CF: ??? (in /usr/lib/x86_64-linux-gnu/dri/i965_dri.so)
==5203== 
==5203== 96 bytes in 1 blocks are possibly lost in loss record 495 of 986
==5203==    at 0x4C2FECB: malloc (vg_replace_malloc.c:307)
==5203==    by 0xCD2EA60: ??? (in /usr/lib/x86_64-linux-gnu/dri/i965_dri.so)
==5203==    by 0xC8C3C9E: ??? (in /usr/lib/x86_64-linux-gnu/dri/i965_dri.so)
==5203==    by 0xC5D5F40: ??? (in /usr/lib/x86_64-linux-gnu/dri/i965_dri.so)
==5203==    by 0xC7BB362: ??? (in /usr/lib/x86_64-linux-gnu/dri/i965_dri.so)
==5203==    by 0xC6DF1F1: ??? (in /usr/lib/x86_64-linux-gnu/dri/i965_dri.so)
==5203==    by 0xC6F9077: ??? (in /usr/lib/x86_64-linux-gnu/dri/i965_dri.so)
==5203==    by 0xC6F95C0: ??? (in /usr/lib/x86_64-linux-gnu/dri/i965_dri.so)
==5203==    by 0xC7035DC: ??? (in /usr/lib/x86_64-linux-gnu/dri/i965_dri.so)
==5203==    by 0xC7038CF: ??? (in /usr/lib/x86_64-linux-gnu/dri/i965_dri.so)
==5203==    by 0x13943A: Backend::Render::Texture_OpenGL::SetData(unsigned char const*, unsigned int, unsigned int) (Texture.cpp:40)
==5203==    by 0x1392FD: Backend::Render::Texture_OpenGL::Texture_OpenGL(unsigned char const*, unsigned int, unsigned int) (Texture.cpp:18)
==5203== 
==5203== 128 bytes in 1 blocks are possibly lost in loss record 543 of 986
==5203==    at 0x4C2FECB: malloc (vg_replace_malloc.c:307)
==5203==    by 0xCD2EA60: ??? (in /usr/lib/x86_64-linux-gnu/dri/i965_dri.so)
==5203==    by 0xCD35D63: ??? (in /usr/lib/x86_64-linux-gnu/dri/i965_dri.so)
==5203==    by 0xC8C3D92: ??? (in /usr/lib/x86_64-linux-gnu/dri/i965_dri.so)
==5203==    by 0xCC461C2: ??? (in /usr/lib/x86_64-linux-gnu/dri/i965_dri.so)
==5203==    by 0xC7B35F6: ??? (in /usr/lib/x86_64-linux-gnu/dri/i965_dri.so)
==5203==    by 0xC710904: ??? (in /usr/lib/x86_64-linux-gnu/dri/i965_dri.so)
==5203==    by 0x13A204: Backend::Render::Shader_OpenGL::CompileSource(std::__cxx11::basic_string<char, std::char_traits<char>, std::allocator<char> >, unsigned int*, unsigned int) (Shader.cpp:19)
==5203==    by 0x13A37A: Backend::Render::Shader_OpenGL::CompileShader(std::__cxx11::basic_string<char, std::char_traits<char>, std::allocator<char> >, std::__cxx11::basic_string<char, std::char_traits<char>, std::allocator<char> >) (Shader.cpp:46)
==5203==    by 0x13AA3B: Backend::Render::Shader_OpenGL::Shader_OpenGL(Backend::Render::ShaderFile const&) (Shader.cpp:130)
==5203==    by 0x13313C: Backend::Render::Render_OpenGL::NewShader(Backend::Render::ShaderFile const&) (Render.h:49)
==5203==    by 0x1116B9: main (Main.cpp:97)
==5203== 
==5203== 192 (16 direct, 176 indirect) bytes in 1 blocks are definitely lost in loss record 776 of 986
==5203==    at 0x4C32311: realloc (vg_replace_malloc.c:834)
==5203==    by 0x720E09C: ??? (in /usr/lib/x86_64-linux-gnu/libX11.so.6.3.0)
==5203==    by 0x720E581: ??? (in /usr/lib/x86_64-linux-gnu/libX11.so.6.3.0)
==5203==    by 0x720FEEE: ??? (in /usr/lib/x86_64-linux-gnu/libX11.so.6.3.0)
==5203==    by 0x7210727: _XlcCreateLC (in /usr/lib/x86_64-linux-gnu/libX11.so.6.3.0)
==5203==    by 0x722C56F: _XlcDefaultLoader (in /usr/lib/x86_64-linux-gnu/libX11.so.6.3.0)
==5203==    by 0x7217B5D: _XOpenLC (in /usr/lib/x86_64-linux-gnu/libX11.so.6.3.0)
==5203==    by 0x7217CAA: _XlcCurrentLC (in /usr/lib/x86_64-linux-gnu/libX11.so.6.3.0)
==5203==    by 0x7217CED: XSetLocaleModifiers (in /usr/lib/x86_64-linux-gnu/libX11.so.6.3.0)
==5203==    by 0x4F64429: X11_InitKeyboard (SDL_x11keyboard.c:296)
==5203==    by 0x4F6C77B: X11_VideoInit (SDL_x11video.c:455)
==5203==    by 0x4F330B2: SDL_VideoInit_REAL (SDL_video.c:532)
==5203== 
==5203== 256 bytes in 1 blocks are possibly lost in loss record 822 of 986
==5203==    at 0x4C2FECB: malloc (vg_replace_malloc.c:307)
==5203==    by 0xCD2EA60: ??? (in /usr/lib/x86_64-linux-gnu/dri/i965_dri.so)
==5203==    by 0xCD2FFD8: ??? (in /usr/lib/x86_64-linux-gnu/dri/i965_dri.so)
==5203==    by 0xC70CD95: ??? (in /usr/lib/x86_64-linux-gnu/dri/i965_dri.so)
==5203==    by 0xC79F795: ??? (in /usr/lib/x86_64-linux-gnu/dri/i965_dri.so)
==5203==    by 0xC710904: ??? (in /usr/lib/x86_64-linux-gnu/dri/i965_dri.so)
==5203==    by 0x13A204: Backend::Render::Shader_OpenGL::CompileSource(std::__cxx11::basic_string<char, std::char_traits<char>, std::allocator<char> >, unsigned int*, unsigned int) (Shader.cpp:19)
==5203==    by 0x13A37A: Backend::Render::Shader_OpenGL::CompileShader(std::__cxx11::basic_string<char, std::char_traits<char>, std::allocator<char> >, std::__cxx11::basic_string<char, std::char_traits<char>, std::allocator<char> >) (Shader.cpp:46)
==5203==    by 0x13AA3B: Backend::Render::Shader_OpenGL::Shader_OpenGL(Backend::Render::ShaderFile const&) (Shader.cpp:130)
==5203==    by 0x13313C: Backend::Render::Render_OpenGL::NewShader(Backend::Render::ShaderFile const&) (Render.h:49)
==5203==    by 0x1116B9: main (Main.cpp:97)
==5203== 
==5203== 376 (104 direct, 272 indirect) bytes in 1 blocks are definitely lost in loss record 862 of 986
==5203==    at 0x4C3052A: operator new(unsigned long) (vg_replace_malloc.c:342)
==5203==    by 0x1388AB: __gnu_cxx::new_allocator<std::__detail::_Hash_node_base*>::allocate(unsigned long, void const*) (new_allocator.h:111)
==5203==    by 0x137ED7: std::allocator_traits<std::allocator<std::__detail::_Hash_node_base*> >::allocate(std::allocator<std::__detail::_Hash_node_base*>&, unsigned long) (alloc_traits.h:436)
==5203==    by 0x13CAEC: std::__detail::_Hashtable_alloc<std::allocator<std::__detail::_Hash_node<std::pair<std::__cxx11::basic_string<char, std::char_traits<char>, std::allocator<char> > const, int>, true> > >::_M_allocate_buckets(unsigned long) (hashtable_policy.h:2134)
==5203==    by 0x13C998: std::_Hashtable<std::__cxx11::basic_string<char, std::char_traits<char>, std::allocator<char> >, std::pair<std::__cxx11::basic_string<char, std::char_traits<char>, std::allocator<char> > const, int>, std::allocator<std::pair<std::__cxx11::basic_string<char, std::char_traits<char>, std::allocator<char> > const, int> >, std::__detail::_Select1st, std::equal_to<std::__cxx11::basic_string<char, std::char_traits<char>, std::allocator<char> > >, std::hash<std::__cxx11::basic_string<char, std::char_traits<char>, std::allocator<char> > >, std::__detail::_Mod_range_hashing, std::__detail::_Default_ranged_hash, std::__detail::_Prime_rehash_policy, std::__detail::_Hashtable_traits<true, false, true> >::_M_allocate_buckets(unsigned long) (hashtable.h:361)
==5203==    by 0x13C5E0: std::_Hashtable<std::__cxx11::basic_string<char, std::char_traits<char>, std::allocator<char> >, std::pair<std::__cxx11::basic_string<char, std::char_traits<char>, std::allocator<char> > const, int>, std::allocator<std::pair<std::__cxx11::basic_string<char, std::char_traits<char>, std::allocator<char> > const, int> >, std::__detail::_Select1st, std::equal_to<std::__cxx11::basic_string<char, std::char_traits<char>, std::allocator<char> > >, std::hash<std::__cxx11::basic_string<char, std::char_traits<char>, std::allocator<char> > >, std::__detail::_Mod_range_hashing, std::__detail::_Default_ranged_hash, std::__detail::_Prime_rehash_policy, std::__detail::_Hashtable_traits<true, false, true> >::_M_rehash_aux(unsigned long, std::integral_constant<bool, true>) (hashtable.h:2105)
==5203==    by 0x13C0A4: std::_Hashtable<std::__cxx11::basic_string<char, std::char_traits<char>, std::allocator<char> >, std::pair<std::__cxx11::basic_string<char, std::char_traits<char>, std::allocator<char> > const, int>, std::allocator<std::pair<std::__cxx11::basic_string<char, std::char_traits<char>, std::allocator<char> > const, int> >, std::__detail::_Select1st, std::equal_to<std::__cxx11::basic_string<char, std::char_traits<char>, std::allocator<char> > >, std::hash<std::__cxx11::basic_string<char, std::char_traits<char>, std::allocator<char> > >, std::__detail::_Mod_range_hashing, std::__detail::_Default_ranged_hash, std::__detail::_Prime_rehash_policy, std::__detail::_Hashtable_traits<true, false, true> >::_M_rehash(unsigned long, unsigned long const&) (hashtable.h:2084)
==5203==    by 0x13BC9A: std::_Hashtable<std::__cxx11::basic_string<char, std::char_traits<char>, std::allocator<char> >, std::pair<std::__cxx11::basic_string<char, std::char_traits<char>, std::allocator<char> > const, int>, std::allocator<std::pair<std::__cxx11::basic_string<char, std::char_traits<char>, std::allocator<char> > const, int> >, std::__detail::_Select1st, std::equal_to<std::__cxx11::basic_string<char, std::char_traits<char>, std::allocator<char> > >, std::hash<std::__cxx11::basic_string<char, std::char_traits<char>, std::allocator<char> > >, std::__detail::_Mod_range_hashing, std::__detail::_Default_ranged_hash, std::__detail::_Prime_rehash_policy, std::__detail::_Hashtable_traits<true, false, true> >::_M_insert_unique_node(unsigned long, unsigned long, std::__detail::_Hash_node<std::pair<std::__cxx11::basic_string<char, std::char_traits<char>, std::allocator<char> > const, int>, true>*, unsigned long) (hashtable.h:1730)
==5203==    by 0x13B8AF: std::__detail::_Map_base<std::__cxx11::basic_string<char, std::char_traits<char>, std::allocator<char> >, std::pair<std::__cxx11::basic_string<char, std::char_traits<char>, std::allocator<char> > const, int>, std::allocator<std::pair<std::__cxx11::basic_string<char, std::char_traits<char>, std::allocator<char> > const, int> >, std::__detail::_Select1st, std::equal_to<std::__cxx11::basic_string<char, std::char_traits<char>, std::allocator<char> > >, std::hash<std::__cxx11::basic_string<char, std::char_traits<char>, std::allocator<char> > >, std::__detail::_Mod_range_hashing, std::__detail::_Default_ranged_hash, std::__detail::_Prime_rehash_policy, std::__detail::_Hashtable_traits<true, false, true>, true>::operator[](std::__cxx11::basic_string<char, std::char_traits<char>, std::allocator<char> > const&) (hashtable_policy.h:714)
==5203==    by 0x13B5F6: std::unordered_map<std::__cxx11::basic_string<char, std::char_traits<char>, std::allocator<char> >, int, std::hash<std::__cxx11::basic_string<char, std::char_traits<char>, std::allocator<char> > >, std::equal_to<std::__cxx11::basic_string<char, std::char_traits<char>, std::allocator<char> > >, std::allocator<std::pair<std::__cxx11::basic_string<char, std::char_traits<char>, std::allocator<char> > const, int> > >::operator[](std::__cxx11::basic_string<char, std::char_traits<char>, std::allocator<char> > const&) (unordered_map.h:974)
==5203==    by 0x13A7C3: Backend::Render::Shader_OpenGL::GetUniformLocation(std::__cxx11::basic_string<char, std::char_traits<char>, std::allocator<char> >) (Shader.cpp:115)
==5203==    by 0x13B26A: Backend::Render::Shader_OpenGL::SetUniform(std::__cxx11::basic_string<char, std::char_traits<char>, std::allocator<char> >, int, float*) (Shader.cpp:220)
==5203== 
==5203== 512 bytes in 1 blocks are possibly lost in loss record 871 of 986
==5203==    at 0x4C2FECB: malloc (vg_replace_malloc.c:307)
==5203==    by 0xCD2EA60: ??? (in /usr/lib/x86_64-linux-gnu/dri/i965_dri.so)
==5203==    by 0xCD2FFD8: ??? (in /usr/lib/x86_64-linux-gnu/dri/i965_dri.so)
==5203==    by 0xCD341A6: ??? (in /usr/lib/x86_64-linux-gnu/dri/i965_dri.so)
==5203==    by 0xCD3539A: ??? (in /usr/lib/x86_64-linux-gnu/dri/i965_dri.so)
==5203==    by 0xC8C3D40: ??? (in /usr/lib/x86_64-linux-gnu/dri/i965_dri.so)
==5203==    by 0xC4C0408: ??? (in /usr/lib/x86_64-linux-gnu/dri/i965_dri.so)
==5203==    by 0xC5DC270: ??? (in /usr/lib/x86_64-linux-gnu/dri/i965_dri.so)
==5203==    by 0xC79DD0A: ??? (in /usr/lib/x86_64-linux-gnu/dri/i965_dri.so)
==5203==    by 0xC7BB513: ??? (in /usr/lib/x86_64-linux-gnu/dri/i965_dri.so)
==5203==    by 0xC6DF1F1: ??? (in /usr/lib/x86_64-linux-gnu/dri/i965_dri.so)
==5203==    by 0xC6F9077: ??? (in /usr/lib/x86_64-linux-gnu/dri/i965_dri.so)
==5203== 
==5203== 844 bytes in 1 blocks are definitely lost in loss record 900 of 986
==5203==    at 0x4C2FECB: malloc (vg_replace_malloc.c:307)
==5203==    by 0xA900648: ???
==5203==    by 0xA8DE83F: ???
==5203==    by 0x5487789: glXGetClientString (in /usr/lib/x86_64-linux-gnu/libGLX.so.0.0.0)
==5203==    by 0x524BD22: glxewInit (in /usr/lib/x86_64-linux-gnu/libGLEW.so.2.0.0)
==5203==    by 0x5254042: glewInit (in /usr/lib/x86_64-linux-gnu/libGLEW.so.2.0.0)
==5203==    by 0x13901E: Backend::Render::Render_OpenGL::InitOpenGL() (Render.cpp:13)
==5203==    by 0x132C79: Backend::Render::Render_SDL2::SetConfig(Backend::Render::Config) (Render.cpp:59)
==5203==    by 0x1181CB: Backend::Backend::SetConfig(Backend::Config) (Backend.cpp:87)
==5203==    by 0x118085: Backend::Backend::Backend(Backend::Backend_Type, Backend::Config) (Backend.cpp:69)
==5203==    by 0x111297: main (Main.cpp:28)
==5203== 
==5203== 1,304 (400 direct, 904 indirect) bytes in 1 blocks are definitely lost in loss record 922 of 986
==5203==    at 0x4C3211A: calloc (vg_replace_malloc.c:760)
==5203==    by 0xA8EA8C0: ???
==5203==    by 0xA8E8C52: ???
==5203==    by 0xA8EB372: ???
==5203==    by 0xA8E625E: ???
==5203==    by 0x54853F2: ??? (in /usr/lib/x86_64-linux-gnu/libGLX.so.0.0.0)
==5203==    by 0x54859A6: ??? (in /usr/lib/x86_64-linux-gnu/libGLX.so.0.0.0)
==5203==    by 0x5487101: ??? (in /usr/lib/x86_64-linux-gnu/libGLX.so.0.0.0)
==5203==    by 0x4F6A869: X11_GL_MakeCurrent (SDL_x11opengl.c:828)
==5203==    by 0x4F6AA42: X11_GL_CreateContext (SDL_x11opengl.c:801)
==5203==    by 0x4F3251F: SDL_GL_CreateContext_REAL (SDL_video.c:3563)
==5203==    by 0x132BED: Backend::Render::Render_SDL2::SetConfig(Backend::Render::Config) (Render.cpp:51)
==5203== 
==5203== 1,688 (136 direct, 1,552 indirect) bytes in 1 blocks are definitely lost in loss record 929 of 986
==5203==    at 0x4C32311: realloc (vg_replace_malloc.c:834)
==5203==    by 0x720E09C: ??? (in /usr/lib/x86_64-linux-gnu/libX11.so.6.3.0)
==5203==    by 0x720E581: ??? (in /usr/lib/x86_64-linux-gnu/libX11.so.6.3.0)
==5203==    by 0x720FEEE: ??? (in /usr/lib/x86_64-linux-gnu/libX11.so.6.3.0)
==5203==    by 0x7210727: _XlcCreateLC (in /usr/lib/x86_64-linux-gnu/libX11.so.6.3.0)
==5203==    by 0x723057F: _XlcUtf8Loader (in /usr/lib/x86_64-linux-gnu/libX11.so.6.3.0)
==5203==    by 0x7217B5D: _XOpenLC (in /usr/lib/x86_64-linux-gnu/libX11.so.6.3.0)
==5203==    by 0x7217CAA: _XlcCurrentLC (in /usr/lib/x86_64-linux-gnu/libX11.so.6.3.0)
==5203==    by 0x7217CED: XSetLocaleModifiers (in /usr/lib/x86_64-linux-gnu/libX11.so.6.3.0)
==5203==    by 0x4F644C4: X11_InitKeyboard (SDL_x11keyboard.c:324)
==5203==    by 0x4F6C77B: X11_VideoInit (SDL_x11video.c:455)
==5203==    by 0x4F330B2: SDL_VideoInit_REAL (SDL_video.c:532)
==5203== 
==5203== 4,096 bytes in 1 blocks are definitely lost in loss record 957 of 986
==5203==    at 0x4C2FECB: malloc (vg_replace_malloc.c:307)
==5203==    by 0x22A8C78B: ???
==5203==    by 0x22A8FBB0: ???
==5203==    by 0x4F83540: SDL_UDEV_Scan (SDL_udev.c:213)
==5203==    by 0x4F8387E: SDL_UDEV_Init (SDL_udev.c:151)
==5203==    by 0x4F7E8A7: LINUX_JoystickInit (SDL_sysjoystick.c:523)
==5203==    by 0x4E954BB: SDL_JoystickInit (SDL_joystick.c:238)
==5203==    by 0x4E5EB04: SDL_InitSubSystem_REAL (SDL.c:234)
==5203==    by 0x4E5EB04: SDL_Init_REAL (SDL.c:291)
==5203==    by 0x132760: Backend::Core::Core_SDL2::Core_SDL2() (Core.cpp:12)
==5203==    by 0x117BD1: Backend::Backend::ConstructSubsystems(Backend::Backend_Type) (Backend.cpp:27)
==5203==    by 0x11805B: Backend::Backend::Backend(Backend::Backend_Type, Backend::Config) (Backend.cpp:65)
==5203==    by 0x111297: main (Main.cpp:28)
==5203== 
==5203== 4,096 bytes in 1 blocks are definitely lost in loss record 958 of 986
==5203==    at 0x4C2FECB: malloc (vg_replace_malloc.c:307)
==5203==    by 0x22A8C78B: ???
==5203==    by 0x22A8FE6B: ???
==5203==    by 0x22A941AA: ???
==5203==    by 0x22A94610: ???
==5203==    by 0x22A9668B: ???
==5203==    by 0x22A96A54: ???
==5203==    by 0x22A9809F: ???
==5203==    by 0x4F83567: SDL_UDEV_Scan (SDL_udev.c:216)
==5203==    by 0x4F8387E: SDL_UDEV_Init (SDL_udev.c:151)
==5203==    by 0x4F7E8A7: LINUX_JoystickInit (SDL_sysjoystick.c:523)
==5203==    by 0x4E954BB: SDL_JoystickInit (SDL_joystick.c:238)
==5203== 
==5203== 39,834 bytes in 1 blocks are definitely lost in loss record 983 of 986
==5203==    at 0x4C30C17: operator new[](unsigned long) (vg_replace_malloc.c:431)
==5203==    by 0x116B4E: Texture::ReadTexture(Texture::Data&, std::istream&) (Texture.cpp:30)
==5203==    by 0x116A6D: Texture::ReadTexture(Texture::Data&, std::__cxx11::basic_string<char, std::char_traits<char>, std::allocator<char> >) (Texture.cpp:19)
==5203==    by 0x1117A8: main (Main.cpp:111)
==5203== 
==5203== 262,144 bytes in 1 blocks are definitely lost in loss record 984 of 986
==5203==    at 0x4C2FECB: malloc (vg_replace_malloc.c:307)
==5203==    by 0x11A719: lodepng_malloc(unsigned long) (lodepng.cpp:78)
==5203==    by 0x12AF02: decodeGeneric(unsigned char**, unsigned int*, unsigned int*, LodePNGState*, unsigned char const*, unsigned long) (lodepng.cpp:4941)
==5203==    by 0x12B00A: lodepng_decode(unsigned char**, unsigned int*, unsigned int*, LodePNGState*, unsigned char const*, unsigned long) (lodepng.cpp:4955)
==5203==    by 0x12B26E: lodepng_decode_memory(unsigned char**, unsigned int*, unsigned int*, unsigned char const*, unsigned long, LodePNGColorType, unsigned int) (lodepng.cpp:5000)
==5203==    by 0x12B2E6: lodepng_decode32(unsigned char**, unsigned int*, unsigned int*, unsigned char const*, unsigned long) (lodepng.cpp:5006)
==5203==    by 0x116BF3: Texture::ReadTexture(Texture::Data&, std::istream&) (Texture.cpp:40)
==5203==    by 0x116A6D: Texture::ReadTexture(Texture::Data&, std::__cxx11::basic_string<char, std::char_traits<char>, std::allocator<char> >) (Texture.cpp:19)
==5203==    by 0x1117A8: main (Main.cpp:111)
==5203== 
==5203== 615,963 (176 direct, 615,787 indirect) bytes in 1 blocks are definitely lost in loss record 986 of 986
==5203==    at 0x4C2FECB: malloc (vg_replace_malloc.c:307)
==5203==    by 0xCD2EA60: ??? (in /usr/lib/x86_64-linux-gnu/dri/i965_dri.so)
==5203==    by 0xCD2FFD8: ??? (in /usr/lib/x86_64-linux-gnu/dri/i965_dri.so)
==5203==    by 0xCD341A6: ??? (in /usr/lib/x86_64-linux-gnu/dri/i965_dri.so)
==5203==    by 0xCD35367: ??? (in /usr/lib/x86_64-linux-gnu/dri/i965_dri.so)
==5203==    by 0xC5287A8: ??? (in /usr/lib/x86_64-linux-gnu/dri/i965_dri.so)
==5203==    by 0xC75D272: ??? (in /usr/lib/x86_64-linux-gnu/dri/i965_dri.so)
==5203==    by 0xC75DF4D: ??? (in /usr/lib/x86_64-linux-gnu/dri/i965_dri.so)
==5203==    by 0x139FFA: Backend::Render::Mesh_OpenGL::Draw() (Mesh.cpp:134)
==5203==    by 0x112130: main (Main.cpp:192)
==5203== 
==5203== LEAK SUMMARY:
==5203==    definitely lost: 312,095 bytes in 16 blocks
==5203==    indirectly lost: 618,691 bytes in 1,146 blocks
==5203==      possibly lost: 2,834 bytes in 43 blocks
==5203==    still reachable: 133,514 bytes in 957 blocks
==5203==         suppressed: 1,708 bytes in 2 blocks
==5203== Reachable blocks (those to which a pointer was found) are not shown.
==5203== To see them, rerun with: --leak-check=full --show-leak-kinds=all
==5203== 
==5203== Use --track-origins=yes to see where uninitialised values come from
==5203== ERROR SUMMARY: 61 errors from 61 contexts (suppressed: 3 from 1)
==5203== 
==5203== 1 errors in context 1 of 61:
==5203== Conditional jump or move depends on uninitialised value(s)
==5203==    at 0x13A552: Backend::Render::Shader_OpenGL::CompileShader(std::__cxx11::basic_string<char, std::char_traits<char>, std::allocator<char> >, std::__cxx11::basic_string<char, std::char_traits<char>, std::allocator<char> >) (Shader.cpp:83)
==5203==    by 0x13AA3B: Backend::Render::Shader_OpenGL::Shader_OpenGL(Backend::Render::ShaderFile const&) (Shader.cpp:130)
==5203==    by 0x13313C: Backend::Render::Render_OpenGL::NewShader(Backend::Render::ShaderFile const&) (Render.h:49)
==5203==    by 0x1116B9: main (Main.cpp:97)
==5203== 
==5203== 
==5203== 1 errors in context 2 of 61:
==5203== Conditional jump or move depends on uninitialised value(s)
==5203==    at 0x13A460: Backend::Render::Shader_OpenGL::CompileShader(std::__cxx11::basic_string<char, std::char_traits<char>, std::allocator<char> >, std::__cxx11::basic_string<char, std::char_traits<char>, std::allocator<char> >) (Shader.cpp:61)
==5203==    by 0x13AA3B: Backend::Render::Shader_OpenGL::Shader_OpenGL(Backend::Render::ShaderFile const&) (Shader.cpp:130)
==5203==    by 0x13313C: Backend::Render::Render_OpenGL::NewShader(Backend::Render::ShaderFile const&) (Render.h:49)
==5203==    by 0x1116B9: main (Main.cpp:97)
==5203== 
--5203-- 
--5203-- used_suppression:      2 dtv-addr-init /snap/valgrind/72/usr/lib/valgrind/default.supp:1464 suppressed: 1,708 bytes in 2 blocks
--5203-- used_suppression:      3 X on SUSE11 writev uninit padding /snap/valgrind/72/usr/lib/valgrind/default.supp:377
==5203== 
==5203== ERROR SUMMARY: 61 errors from 61 contexts (suppressed: 3 from 1)
